
Lab 2 starting C10FA74E with dt=37.500 ms.

  E.T. sec  (      X,       Y)'  (     VX,      VY) fps	 Fuse sec
 0.000 sec  ( -30.00,    0.00)'  ( -25.00,  100.00) fps	3.108 sec
 0.037 sec  ( -30.94,    3.73)'  ( -25.00,   98.79) fps	3.071 sec
 0.075 sec  ( -31.88,    7.41)'  ( -25.00,   97.59) fps	3.033 sec
 0.112 sec  ( -32.81,   11.05)'  ( -25.00,   96.38) fps	2.995 sec
 0.150 sec  ( -33.75,   14.64)'  ( -25.00,   95.17) fps	2.958 sec
 0.188 sec  ( -34.69,   18.18)'  ( -25.00,   93.97) fps	2.920 sec
 0.225 sec  ( -35.62,   21.69)'  ( -25.00,   92.76) fps	2.883 sec
 0.263 sec  ( -36.56,   25.14)'  ( -25.00,   91.55) fps	2.845 sec
 0.300 sec  ( -37.50,   28.55)'  ( -25.00,   90.35) fps	2.808 sec
 0.337 sec  ( -38.44,   31.92)'  ( -25.00,   89.14) fps	2.770 sec
 0.375 sec  ( -39.38,   35.24)'  ( -25.00,   87.93) fps	2.733 sec
 0.412 sec  ( -40.31,   38.51)'  ( -25.00,   86.73) fps	2.695 sec
 0.450 sec  ( -41.25,   41.74)'  ( -25.00,   85.52) fps	2.658 sec
 0.487 sec  ( -42.19,   44.93)'  ( -25.00,   84.32) fps	2.620 sec
 0.525 sec  ( -43.12,   48.07)'  ( -25.00,   83.11) fps	2.583 sec
 0.562 sec  ( -44.06,   51.16)'  ( -25.00,   81.90) fps	2.545 sec
 0.600 sec  ( -45.00,   54.21)'  ( -25.00,   80.70) fps	2.508 sec
 0.637 sec  ( -45.94,   57.21)'  ( -25.00,   79.49) fps	2.470 sec
 0.675 sec  ( -46.88,   60.17)'  ( -25.00,   78.28) fps	2.433 sec
 0.712 sec  ( -47.81,   63.08)'  ( -25.00,   77.08) fps	2.395 sec
 0.750 sec  ( -48.75,   65.95)'  ( -25.00,   75.87) fps	2.358 sec
 0.787 sec  ( -49.69,   68.77)'  ( -25.00,   74.66) fps	2.320 sec
 0.825 sec  ( -50.62,   71.55)'  ( -25.00,   73.46) fps	2.283 sec
 0.862 sec  ( -51.56,   74.28)'  ( -25.00,   72.25) fps	2.245 sec
 0.900 sec  ( -52.50,   76.97)'  ( -25.00,   71.04) fps	2.208 sec
 0.937 sec  ( -53.44,   79.61)'  ( -25.00,   69.84) fps	2.170 sec
 0.975 sec  ( -54.38,   82.21)'  ( -25.00,   68.63) fps	2.133 sec
 1.012 sec  ( -55.31,   84.76)'  ( -25.00,   67.42) fps	2.095 sec
 1.050 sec  ( -56.25,   87.26)'  ( -25.00,   66.22) fps	2.058 sec
 1.087 sec  ( -57.19,   89.72)'  ( -25.00,   65.01) fps	2.020 sec
 1.125 sec  ( -58.12,   92.14)'  ( -25.00,   63.80) fps	1.983 sec
 1.163 sec  ( -59.06,   94.51)'  ( -25.00,   62.60) fps	1.945 sec
 1.200 sec  ( -60.00,   96.83)'  ( -25.00,   61.39) fps	1.908 sec
 1.238 sec  ( -60.94,   99.11)'  ( -25.00,   60.18) fps	1.870 sec
 1.275 sec  ( -61.88,  101.35)'  ( -25.00,   58.98) fps	1.833 sec
 1.313 sec  ( -62.81,  103.54)'  ( -25.00,   57.77) fps	1.795 sec
 1.350 sec  ( -63.75,  105.68)'  ( -25.00,   56.57) fps	1.758 sec
 1.388 sec  ( -64.69,  107.78)'  ( -25.00,   55.36) fps	1.720 sec
 1.425 sec  ( -65.62,  109.83)'  ( -25.00,   54.15) fps	1.683 sec
 1.463 sec  ( -66.56,  111.84)'  ( -25.00,   52.95) fps	1.645 sec
 1.500 sec  ( -67.50,  113.80)'  ( -25.00,   51.74) fps	1.608 sec
 1.538 sec  ( -68.44,  115.72)'  ( -25.00,   50.53) fps	1.570 sec
 1.575 sec  ( -69.38,  117.59)'  ( -25.00,   49.33) fps	1.533 sec
 1.613 sec  ( -70.31,  119.42)'  ( -25.00,   48.12) fps	1.495 sec
 1.650 sec  ( -71.25,  121.20)'  ( -25.00,   46.91) fps	1.458 sec
 1.688 sec  ( -72.19,  122.94)'  ( -25.00,   45.71) fps	1.420 sec
 1.725 sec  ( -73.12,  124.63)'  ( -25.00,   44.50) fps	1.383 sec
 1.763 sec  ( -74.06,  126.28)'  ( -25.00,   43.29) fps	1.345 sec
 1.800 sec  ( -75.00,  127.88)'  ( -25.00,   42.09) fps	1.308 sec
 1.838 sec  ( -75.94,  129.43)'  ( -25.00,   40.88) fps	1.270 sec
 1.875 sec  ( -76.88,  130.94)'  ( -25.00,   39.67) fps	1.233 sec
 1.913 sec  ( -77.81,  132.41)'  ( -25.00,   38.47) fps	1.195 sec
 1.950 sec  ( -78.75,  133.83)'  ( -25.00,   37.26) fps	1.158 sec
 1.988 sec  ( -79.69,  135.20)'  ( -25.00,   36.05) fps	1.120 sec
 2.025 sec  ( -80.62,  136.53)'  ( -25.00,   34.85) fps	1.083 sec
 2.063 sec  ( -81.56,  137.82)'  ( -25.00,   33.64) fps	1.045 sec
 2.100 sec  ( -82.50,  139.06)'  ( -25.00,   32.43) fps	1.008 sec
 2.138 sec  ( -83.44,  140.25)'  ( -25.00,   31.23) fps	0.970 sec
 2.175 sec  ( -84.38,  141.40)'  ( -25.00,   30.02) fps	0.933 sec
 2.213 sec  ( -85.31,  142.50)'  ( -25.00,   28.81) fps	0.895 sec
 2.250 sec  ( -86.25,  143.56)'  ( -25.00,   27.61) fps	0.858 sec
 2.288 sec  ( -87.19,  144.57)'  ( -25.00,   26.40) fps	0.820 sec
 2.325 sec  ( -88.12,  145.54)'  ( -25.00,   25.20) fps	0.783 sec
 2.363 sec  ( -89.06,  146.46)'  ( -25.00,   23.99) fps	0.745 sec
 2.400 sec  ( -90.00,  147.34)'  ( -25.00,   22.78) fps	0.708 sec
 2.438 sec  ( -90.94,  148.17)'  ( -25.00,   21.58) fps	0.670 sec
 2.475 sec  ( -91.88,  148.96)'  ( -25.00,   20.37) fps	0.633 sec
 2.513 sec  ( -92.81,  149.70)'  ( -25.00,   19.16) fps	0.595 sec
 2.550 sec  ( -93.75,  150.39)'  ( -25.00,   17.96) fps	0.558 sec
 2.588 sec  ( -94.69,  151.04)'  ( -25.00,   16.75) fps	0.520 sec
 2.625 sec  ( -95.62,  151.65)'  ( -25.00,   15.54) fps	0.483 sec
 2.663 sec  ( -96.56,  152.21)'  ( -25.00,   14.34) fps	0.445 sec
 2.700 sec  ( -97.50,  152.73)'  ( -25.00,   13.13) fps	0.408 sec
 2.738 sec  ( -98.44,  153.20)'  ( -25.00,   11.92) fps	0.370 sec
 2.775 sec  ( -99.38,  153.62)'  ( -25.00,   10.72) fps	0.333 sec
 2.813 sec  (-100.31,  154.00)'  ( -25.00,    9.51) fps	0.295 sec
 2.850 sec  (-101.25,  154.33)'  ( -25.00,    8.30) fps	0.258 sec
 2.888 sec  (-102.19,  154.62)'  ( -25.00,    7.10) fps	0.220 sec
 2.925 sec  (-103.12,  154.87)'  ( -25.00,    5.89) fps	0.183 sec
 2.963 sec  (-104.06,  155.06)'  ( -25.00,    4.68) fps	0.145 sec
 3.000 sec  (-105.00,  155.22)'  ( -25.00,    3.48) fps	0.108 sec
 3.038 sec  (-105.94,  155.32)'  ( -25.00,    2.27) fps	0.070 sec
 3.075 sec  (-106.88,  155.39)'  ( -25.00,    1.06) fps	0.033 sec
Color #1 starburst at (-107.81, 155.40)'
Flash at (-107.81, 155.40)'

Lab 2 starting F70FA74E with dt=34.091 ms.

  E.T. sec  (      X,       Y)'  (     VX,      VY) fps	 Fuse sec
 1.000 sec  (   0.00,    0.00)'  (   0.00,  110.00) fps	3.209 sec
 1.034 sec  (   0.00,    3.73)'  (   0.00,  108.90) fps	3.175 sec
 1.068 sec  (   0.00,    7.43)'  (   0.00,  107.81) fps	3.141 sec
 1.102 sec  (   0.00,   11.08)'  (   0.00,  106.71) fps	3.107 sec
 1.136 sec  (   0.00,   14.70)'  (   0.00,  105.61) fps	3.073 sec
 1.170 sec  (   0.00,   18.28)'  (   0.00,  104.52) fps	3.039 sec
 1.205 sec  (   0.00,   21.83)'  (   0.00,  103.42) fps	3.004 sec
 1.239 sec  (   0.00,   25.33)'  (   0.00,  102.32) fps	2.970 sec
 1.273 sec  (   0.00,   28.80)'  (   0.00,  101.23) fps	2.936 sec
 1.307 sec  (   0.00,   32.24)'  (   0.00,  100.13) fps	2.902 sec
 1.341 sec  (   0.00,   35.63)'  (   0.00,   99.03) fps	2.868 sec
 1.375 sec  (   0.00,   38.99)'  (   0.00,   97.93) fps	2.834 sec
 1.409 sec  (   0.00,   42.31)'  (   0.00,   96.84) fps	2.800 sec
 1.443 sec  (   0.00,   45.59)'  (   0.00,   95.74) fps	2.766 sec
 1.477 sec  (   0.00,   48.84)'  (   0.00,   94.64) fps	2.732 sec
 1.511 sec  (   0.00,   52.04)'  (   0.00,   93.55) fps	2.698 sec
 1.545 sec  (   0.00,   55.21)'  (   0.00,   92.45) fps	2.664 sec
 1.580 sec  (   0.00,   58.35)'  (   0.00,   91.35) fps	2.629 sec
 1.614 sec  (   0.00,   61.44)'  (   0.00,   90.26) fps	2.595 sec
 1.648 sec  (   0.00,   64.50)'  (   0.00,   89.16) fps	2.561 sec
 1.682 sec  (   0.00,   67.52)'  (   0.00,   88.06) fps	2.527 sec
 1.716 sec  (   0.00,   70.50)'  (   0.00,   86.97) fps	2.493 sec
 1.750 sec  (   0.00,   73.45)'  (   0.00,   85.87) fps	2.459 sec
 1.784 sec  (   0.00,   76.36)'  (   0.00,   84.77) fps	2.425 sec
 1.818 sec  (   0.00,   79.23)'  (   0.00,   83.68) fps	2.391 sec
 1.852 sec  (   0.00,   82.06)'  (   0.00,   82.58) fps	2.357 sec
 1.886 sec  (   0.00,   84.86)'  (   0.00,   81.48) fps	2.323 sec
 1.920 sec  (   0.00,   87.62)'  (   0.00,   80.39) fps	2.289 sec
 1.955 sec  (   0.00,   90.34)'  (   0.00,   79.29) fps	2.254 sec
 1.989 sec  (   0.00,   93.03)'  (   0.00,   78.19) fps	2.220 sec
 2.023 sec  (   0.00,   95.67)'  (   0.00,   77.09) fps	2.186 sec
 2.057 sec  (   0.00,   98.28)'  (   0.00,   76.00) fps	2.152 sec
 2.091 sec  (   0.00,  100.86)'  (   0.00,   74.90) fps	2.118 sec
 2.125 sec  (   0.00,  103.39)'  (   0.00,   73.80) fps	2.084 sec
 2.159 sec  (   0.00,  105.89)'  (   0.00,   72.71) fps	2.050 sec
 2.193 sec  (   0.00,  108.35)'  (   0.00,   71.61) fps	2.016 sec
 2.227 sec  (   0.00,  110.77)'  (   0.00,   70.51) fps	1.982 sec
 2.261 sec  (   0.00,  113.15)'  (   0.00,   69.42) fps	1.948 sec
 2.295 sec  (   0.00,  115.50)'  (   0.00,   68.32) fps	1.914 sec
 2.330 sec  (   0.00,  117.81)'  (   0.00,   67.22) fps	1.879 sec
 2.364 sec  (   0.00,  120.09)'  (   0.00,   66.13) fps	1.845 sec
 2.398 sec  (   0.00,  122.32)'  (   0.00,   65.03) fps	1.811 sec
 2.432 sec  (   0.00,  124.52)'  (   0.00,   63.93) fps	1.777 sec
 2.466 sec  (   0.00,  126.68)'  (   0.00,   62.84) fps	1.743 sec
 2.500 sec  (   0.00,  128.80)'  (   0.00,   61.74) fps	1.709 sec
 2.534 sec  (   0.00,  130.89)'  (   0.00,   60.64) fps	1.675 sec
 2.568 sec  (   0.00,  132.94)'  (   0.00,   59.55) fps	1.641 sec
 2.602 sec  (   0.00,  134.95)'  (   0.00,   58.45) fps	1.607 sec
 2.636 sec  (   0.00,  136.92)'  (   0.00,   57.35) fps	1.573 sec
 2.670 sec  (   0.00,  138.86)'  (   0.00,   56.25) fps	1.539 sec
 2.705 sec  (   0.00,  140.76)'  (   0.00,   55.16) fps	1.504 sec
 2.739 sec  (   0.00,  142.62)'  (   0.00,   54.06) fps	1.470 sec
 2.773 sec  (   0.00,  144.45)'  (   0.00,   52.96) fps	1.436 sec
 2.807 sec  (   0.00,  146.23)'  (   0.00,   51.87) fps	1.402 sec
 2.841 sec  (   0.00,  147.98)'  (   0.00,   50.77) fps	1.368 sec
 2.875 sec  (   0.00,  149.69)'  (   0.00,   49.67) fps	1.334 sec
 2.909 sec  (   0.00,  151.37)'  (   0.00,   48.58) fps	1.300 sec
 2.943 sec  (   0.00,  153.01)'  (   0.00,   47.48) fps	1.266 sec
 2.977 sec  (   0.00,  154.61)'  (   0.00,   46.38) fps	1.232 sec
 3.011 sec  (   0.00,  156.17)'  (   0.00,   45.29) fps	1.198 sec
 3.045 sec  (   0.00,  157.69)'  (   0.00,   44.19) fps	1.164 sec
 3.080 sec  (   0.00,  159.18)'  (   0.00,   43.09) fps	1.129 sec
 3.114 sec  (   0.00,  160.63)'  (   0.00,   42.00) fps	1.095 sec
 3.148 sec  (   0.00,  162.04)'  (   0.00,   40.90) fps	1.061 sec
 3.182 sec  (   0.00,  163.42)'  (   0.00,   39.80) fps	1.027 sec
 3.216 sec  (   0.00,  164.76)'  (   0.00,   38.71) fps	0.993 sec
 3.250 sec  (   0.00,  166.06)'  (   0.00,   37.61) fps	0.959 sec
 3.284 sec  (   0.00,  167.32)'  (   0.00,   36.51) fps	0.925 sec
 3.318 sec  (   0.00,  168.55)'  (   0.00,   35.41) fps	0.891 sec
 3.352 sec  (   0.00,  169.74)'  (   0.00,   34.32) fps	0.857 sec
 3.386 sec  (   0.00,  170.89)'  (   0.00,   33.22) fps	0.823 sec
 3.420 sec  (   0.00,  172.00)'  (   0.00,   32.12) fps	0.789 sec
 3.455 sec  (   0.00,  173.08)'  (   0.00,   31.03) fps	0.754 sec
 3.489 sec  (   0.00,  174.12)'  (   0.00,   29.93) fps	0.720 sec
 3.523 sec  (   0.00,  175.12)'  (   0.00,   28.83) fps	0.686 sec
 3.557 sec  (   0.00,  176.08)'  (   0.00,   27.74) fps	0.652 sec
 3.591 sec  (   0.00,  177.01)'  (   0.00,   26.64) fps	0.618 sec
 3.625 sec  (   0.00,  177.90)'  (   0.00,   25.54) fps	0.584 sec
 3.659 sec  (   0.00,  178.75)'  (   0.00,   24.45) fps	0.550 sec
 3.693 sec  (   0.00,  179.57)'  (   0.00,   23.35) fps	0.516 sec
 3.727 sec  (   0.00,  180.34)'  (   0.00,   22.25) fps	0.482 sec
 3.761 sec  (   0.00,  181.08)'  (   0.00,   21.16) fps	0.448 sec
 3.795 sec  (   0.00,  181.79)'  (   0.00,   20.06) fps	0.414 sec
 3.830 sec  (   0.00,  182.45)'  (   0.00,   18.96) fps	0.379 sec
 3.864 sec  (   0.00,  183.08)'  (   0.00,   17.87) fps	0.345 sec
 3.898 sec  (   0.00,  183.67)'  (   0.00,   16.77) fps	0.311 sec
 3.932 sec  (   0.00,  184.22)'  (   0.00,   15.67) fps	0.277 sec
 3.966 sec  (   0.00,  184.74)'  (   0.00,   14.57) fps	0.243 sec
 4.000 sec  (   0.00,  185.22)'  (   0.00,   13.48) fps	0.209 sec
 4.034 sec  (   0.00,  185.66)'  (   0.00,   12.38) fps	0.175 sec
 4.068 sec  (   0.00,  186.06)'  (   0.00,   11.28) fps	0.141 sec
 4.102 sec  (   0.00,  186.43)'  (   0.00,   10.19) fps	0.107 sec
 4.136 sec  (   0.00,  186.76)'  (   0.00,    9.09) fps	0.073 sec
 4.170 sec  (   0.00,  187.05)'  (   0.00,    7.99) fps	0.039 sec
 4.205 sec  (   0.00,  187.30)'  (   0.00,    6.90) fps	0.004 sec
Color #7 starburst at (  0.00, 187.52)'
Flash at (  0.00, 187.52)'
Boom at (  0.00, 187.52)'

Lab 2 starting A40FA74E with dt=37.500 ms.

  E.T. sec  (      X,       Y)'  (     VX,      VY) fps	 Fuse sec
 2.000 sec  (  30.00,    0.00)'  (  25.00,  100.00) fps	3.100 sec
 2.038 sec  (  30.94,    3.73)'  (  25.00,   98.79) fps	3.062 sec
 2.075 sec  (  31.88,    7.41)'  (  25.00,   97.59) fps	3.025 sec
 2.113 sec  (  32.81,   11.05)'  (  25.00,   96.38) fps	2.987 sec
 2.150 sec  (  33.75,   14.64)'  (  25.00,   95.17) fps	2.950 sec
 2.188 sec  (  34.69,   18.18)'  (  25.00,   93.97) fps	2.912 sec
 2.225 sec  (  35.62,   21.69)'  (  25.00,   92.76) fps	2.875 sec
 2.263 sec  (  36.56,   25.14)'  (  25.00,   91.55) fps	2.837 sec
 2.300 sec  (  37.50,   28.55)'  (  25.00,   90.35) fps	2.800 sec
 2.338 sec  (  38.44,   31.92)'  (  25.00,   89.14) fps	2.762 sec
 2.375 sec  (  39.38,   35.24)'  (  25.00,   87.93) fps	2.725 sec
 2.413 sec  (  40.31,   38.51)'  (  25.00,   86.73) fps	2.687 sec
 2.450 sec  (  41.25,   41.74)'  (  25.00,   85.52) fps	2.650 sec
 2.488 sec  (  42.19,   44.93)'  (  25.00,   84.32) fps	2.612 sec
 2.525 sec  (  43.12,   48.07)'  (  25.00,   83.11) fps	2.575 sec
 2.563 sec  (  44.06,   51.16)'  (  25.00,   81.90) fps	2.537 sec
 2.600 sec  (  45.00,   54.21)'  (  25.00,   80.70) fps	2.500 sec
 2.638 sec  (  45.94,   57.21)'  (  25.00,   79.49) fps	2.462 sec
 2.675 sec  (  46.88,   60.17)'  (  25.00,   78.28) fps	2.425 sec
 2.713 sec  (  47.81,   63.08)'  (  25.00,   77.08) fps	2.387 sec
 2.750 sec  (  48.75,   65.95)'  (  25.00,   75.87) fps	2.350 sec
 2.788 sec  (  49.69,   68.77)'  (  25.00,   74.66) fps	2.312 sec
 2.825 sec  (  50.62,   71.55)'  (  25.00,   73.46) fps	2.275 sec
 2.863 sec  (  51.56,   74.28)'  (  25.00,   72.25) fps	2.237 sec
 2.900 sec  (  52.50,   76.97)'  (  25.00,   71.04) fps	2.200 sec
 2.938 sec  (  53.44,   79.61)'  (  25.00,   69.84) fps	2.162 sec
 2.975 sec  (  54.38,   82.21)'  (  25.00,   68.63) fps	2.125 sec
 3.013 sec  (  55.31,   84.76)'  (  25.00,   67.42) fps	2.087 sec
 3.050 sec  (  56.25,   87.26)'  (  25.00,   66.22) fps	2.050 sec
 3.088 sec  (  57.19,   89.72)'  (  25.00,   65.01) fps	2.012 sec
 3.125 sec  (  58.12,   92.14)'  (  25.00,   63.80) fps	1.975 sec
 3.163 sec  (  59.06,   94.51)'  (  25.00,   62.60) fps	1.937 sec
 3.200 sec  (  60.00,   96.83)'  (  25.00,   61.39) fps	1.900 sec
 3.238 sec  (  60.94,   99.11)'  (  25.00,   60.18) fps	1.862 sec
 3.275 sec  (  61.88,  101.35)'  (  25.00,   58.98) fps	1.825 sec
 3.313 sec  (  62.81,  103.54)'  (  25.00,   57.77) fps	1.787 sec
 3.350 sec  (  63.75,  105.68)'  (  25.00,   56.57) fps	1.750 sec
 3.388 sec  (  64.69,  107.78)'  (  25.00,   55.36) fps	1.712 sec
 3.425 sec  (  65.62,  109.83)'  (  25.00,   54.15) fps	1.675 sec
 3.463 sec  (  66.56,  111.84)'  (  25.00,   52.95) fps	1.637 sec
 3.500 sec  (  67.50,  113.80)'  (  25.00,   51.74) fps	1.600 sec
 3.538 sec  (  68.44,  115.72)'  (  25.00,   50.53) fps	1.562 sec
 3.575 sec  (  69.38,  117.59)'  (  25.00,   49.33) fps	1.525 sec
 3.613 sec  (  70.31,  119.42)'  (  25.00,   48.12) fps	1.487 sec
 3.650 sec  (  71.25,  121.20)'  (  25.00,   46.91) fps	1.450 sec
 3.688 sec  (  72.19,  122.94)'  (  25.00,   45.71) fps	1.412 sec
 3.725 sec  (  73.12,  124.63)'  (  25.00,   44.50) fps	1.375 sec
 3.763 sec  (  74.06,  126.28)'  (  25.00,   43.29) fps	1.337 sec
 3.800 sec  (  75.00,  127.88)'  (  25.00,   42.09) fps	1.300 sec
 3.838 sec  (  75.94,  129.43)'  (  25.00,   40.88) fps	1.262 sec
 3.875 sec  (  76.88,  130.94)'  (  25.00,   39.67) fps	1.225 sec
 3.913 sec  (  77.81,  132.41)'  (  25.00,   38.47) fps	1.187 sec
 3.950 sec  (  78.75,  133.83)'  (  25.00,   37.26) fps	1.150 sec
 3.988 sec  (  79.69,  135.20)'  (  25.00,   36.05) fps	1.112 sec
 4.025 sec  (  80.62,  136.53)'  (  25.00,   34.85) fps	1.075 sec
 4.063 sec  (  81.56,  137.82)'  (  25.00,   33.64) fps	1.037 sec
 4.100 sec  (  82.50,  139.06)'  (  25.00,   32.43) fps	1.000 sec
 4.138 sec  (  83.44,  140.25)'  (  25.00,   31.23) fps	0.962 sec
 4.175 sec  (  84.38,  141.40)'  (  25.00,   30.02) fps	0.925 sec
 4.213 sec  (  85.31,  142.50)'  (  25.00,   28.81) fps	0.887 sec
 4.250 sec  (  86.25,  143.56)'  (  25.00,   27.61) fps	0.850 sec
 4.288 sec  (  87.19,  144.57)'  (  25.00,   26.40) fps	0.812 sec
 4.325 sec  (  88.12,  145.54)'  (  25.00,   25.20) fps	0.775 sec
 4.363 sec  (  89.06,  146.46)'  (  25.00,   23.99) fps	0.737 sec
 4.400 sec  (  90.00,  147.34)'  (  25.00,   22.78) fps	0.700 sec
 4.438 sec  (  90.94,  148.17)'  (  25.00,   21.58) fps	0.662 sec
 4.475 sec  (  91.88,  148.96)'  (  25.00,   20.37) fps	0.625 sec
 4.513 sec  (  92.81,  149.70)'  (  25.00,   19.16) fps	0.587 sec
 4.550 sec  (  93.75,  150.39)'  (  25.00,   17.96) fps	0.550 sec
 4.587 sec  (  94.69,  151.04)'  (  25.00,   16.75) fps	0.512 sec
 4.625 sec  (  95.62,  151.65)'  (  25.00,   15.54) fps	0.475 sec
 4.662 sec  (  96.56,  152.21)'  (  25.00,   14.34) fps	0.437 sec
 4.700 sec  (  97.50,  152.73)'  (  25.00,   13.13) fps	0.400 sec
 4.737 sec  (  98.44,  153.20)'  (  25.00,   11.92) fps	0.362 sec
 4.775 sec  (  99.38,  153.62)'  (  25.00,   10.72) fps	0.325 sec
 4.812 sec  ( 100.31,  154.00)'  (  25.00,    9.51) fps	0.287 sec
 4.850 sec  ( 101.25,  154.33)'  (  25.00,    8.30) fps	0.250 sec
 4.887 sec  ( 102.19,  154.62)'  (  25.00,    7.10) fps	0.212 sec
 4.925 sec  ( 103.12,  154.87)'  (  25.00,    5.89) fps	0.175 sec
 4.962 sec  ( 104.06,  155.06)'  (  25.00,    4.68) fps	0.137 sec
 5.000 sec  ( 105.00,  155.22)'  (  25.00,    3.48) fps	0.100 sec
 5.037 sec  ( 105.94,  155.32)'  (  25.00,    2.27) fps	0.062 sec
 5.075 sec  ( 106.88,  155.39)'  (  25.00,    1.06) fps	0.025 sec
Color #4 starburst at (107.81, 155.40)'
Boom at (107.81, 155.40)'
Ending: scanf returned -1
Total run time is 0.000757456 seconds.
