DIAGNOSTIC: Allocating space for code A40FA74E. 1 allocated.
DIAGNOSTIC: 1 nodes allocated.
DIAGNOSTIC: Allocating space for code F70FA74E. 2 allocated.
DIAGNOSTIC: 2 nodes allocated.
DIAGNOSTIC: Allocating space for code C10FA74E. 3 allocated.
DIAGNOSTIC: 3 nodes allocated.

 At ET =  0.000 (0.000000000000000) second:
    Code     (      X,       Y)'  (     VX,      VY) fps       Fuse sec
C10FA74E at  ( -30.00,    0.00)'  ( -25.00,  100.00) fps with 3.500 sec
F70FA74E at  (   0.00,    0.00)'  Holding until 0.750
A40FA74E at  (  30.00,    0.00)'  Holding until 1.500


 At ET =  0.029 (0.028846153846154) second:
    Code     (      X,       Y)'  (     VX,      VY) fps       Fuse sec
C10FA74E at  ( -30.72,    2.87)'  ( -25.00,   99.07) fps with 3.471 sec
F70FA74E at  (   0.00,    0.00)'  Holding until 0.750
A40FA74E at  (  30.00,    0.00)'  Holding until 1.500


 At ET =  0.058 (0.057692307692308) second:
    Code     (      X,       Y)'  (     VX,      VY) fps       Fuse sec
C10FA74E at  ( -31.44,    5.72)'  ( -25.00,   98.14) fps with 3.442 sec
F70FA74E at  (   0.00,    0.00)'  Holding until 0.750
A40FA74E at  (  30.00,    0.00)'  Holding until 1.500


 At ET =  0.087 (0.086538461538462) second:
    Code     (      X,       Y)'  (     VX,      VY) fps       Fuse sec
C10FA74E at  ( -32.16,    8.53)'  ( -25.00,   97.22) fps with 3.413 sec
F70FA74E at  (   0.00,    0.00)'  Holding until 0.750
A40FA74E at  (  30.00,    0.00)'  Holding until 1.500


 At ET =  0.115 (0.115384615384615) second:
    Code     (      X,       Y)'  (     VX,      VY) fps       Fuse sec
C10FA74E at  ( -32.88,   11.32)'  ( -25.00,   96.29) fps with 3.385 sec
F70FA74E at  (   0.00,    0.00)'  Holding until 0.750
A40FA74E at  (  30.00,    0.00)'  Holding until 1.500


 At ET =  0.144 (0.144230769230769) second:
    Code     (      X,       Y)'  (     VX,      VY) fps       Fuse sec
C10FA74E at  ( -33.61,   14.09)'  ( -25.00,   95.36) fps with 3.356 sec
F70FA74E at  (   0.00,    0.00)'  Holding until 0.750
A40FA74E at  (  30.00,    0.00)'  Holding until 1.500


 At ET =  0.173 (0.173076923076923) second:
    Code     (      X,       Y)'  (     VX,      VY) fps       Fuse sec
C10FA74E at  ( -34.33,   16.83)'  ( -25.00,   94.43) fps with 3.327 sec
F70FA74E at  (   0.00,    0.00)'  Holding until 0.750
A40FA74E at  (  30.00,    0.00)'  Holding until 1.500


 At ET =  0.202 (0.201923076923077) second:
    Code     (      X,       Y)'  (     VX,      VY) fps       Fuse sec
C10FA74E at  ( -35.05,   19.54)'  ( -25.00,   93.50) fps with 3.298 sec
F70FA74E at  (   0.00,    0.00)'  Holding until 0.750
A40FA74E at  (  30.00,    0.00)'  Holding until 1.500


 At ET =  0.231 (0.230769230769231) second:
    Code     (      X,       Y)'  (     VX,      VY) fps       Fuse sec
C10FA74E at  ( -35.77,   22.22)'  ( -25.00,   92.58) fps with 3.269 sec
F70FA74E at  (   0.00,    0.00)'  Holding until 0.750
A40FA74E at  (  30.00,    0.00)'  Holding until 1.500


 At ET =  0.260 (0.259615384615385) second:
    Code     (      X,       Y)'  (     VX,      VY) fps       Fuse sec
C10FA74E at  ( -36.49,   24.88)'  ( -25.00,   91.65) fps with 3.240 sec
F70FA74E at  (   0.00,    0.00)'  Holding until 0.750
A40FA74E at  (  30.00,    0.00)'  Holding until 1.500


 At ET =  0.288 (0.288461538461538) second:
    Code     (      X,       Y)'  (     VX,      VY) fps       Fuse sec
C10FA74E at  ( -37.21,   27.51)'  ( -25.00,   90.72) fps with 3.212 sec
F70FA74E at  (   0.00,    0.00)'  Holding until 0.750
A40FA74E at  (  30.00,    0.00)'  Holding until 1.500


 At ET =  0.317 (0.317307692307692) second:
    Code     (      X,       Y)'  (     VX,      VY) fps       Fuse sec
C10FA74E at  ( -37.93,   30.11)'  ( -25.00,   89.79) fps with 3.183 sec
F70FA74E at  (   0.00,    0.00)'  Holding until 0.750
A40FA74E at  (  30.00,    0.00)'  Holding until 1.500


 At ET =  0.346 (0.346153846153846) second:
    Code     (      X,       Y)'  (     VX,      VY) fps       Fuse sec
C10FA74E at  ( -38.65,   32.69)'  ( -25.00,   88.86) fps with 3.154 sec
F70FA74E at  (   0.00,    0.00)'  Holding until 0.750
A40FA74E at  (  30.00,    0.00)'  Holding until 1.500


 At ET =  0.375 (0.375000000000000) second:
    Code     (      X,       Y)'  (     VX,      VY) fps       Fuse sec
C10FA74E at  ( -39.38,   35.24)'  ( -25.00,   87.93) fps with 3.125 sec
F70FA74E at  (   0.00,    0.00)'  Holding until 0.750
A40FA74E at  (  30.00,    0.00)'  Holding until 1.500


 At ET =  0.404 (0.403846153846154) second:
    Code     (      X,       Y)'  (     VX,      VY) fps       Fuse sec
C10FA74E at  ( -40.10,   37.76)'  ( -25.00,   87.01) fps with 3.096 sec
F70FA74E at  (   0.00,    0.00)'  Holding until 0.750
A40FA74E at  (  30.00,    0.00)'  Holding until 1.500


 At ET =  0.433 (0.432692307692308) second:
    Code     (      X,       Y)'  (     VX,      VY) fps       Fuse sec
C10FA74E at  ( -40.82,   40.26)'  ( -25.00,   86.08) fps with 3.067 sec
F70FA74E at  (   0.00,    0.00)'  Holding until 0.750
A40FA74E at  (  30.00,    0.00)'  Holding until 1.500


 At ET =  0.462 (0.461538461538462) second:
    Code     (      X,       Y)'  (     VX,      VY) fps       Fuse sec
C10FA74E at  ( -41.54,   42.73)'  ( -25.00,   85.15) fps with 3.038 sec
F70FA74E at  (   0.00,    0.00)'  Holding until 0.750
A40FA74E at  (  30.00,    0.00)'  Holding until 1.500


 At ET =  0.490 (0.490384615384615) second:
    Code     (      X,       Y)'  (     VX,      VY) fps       Fuse sec
C10FA74E at  ( -42.26,   45.17)'  ( -25.00,   84.22) fps with 3.010 sec
F70FA74E at  (   0.00,    0.00)'  Holding until 0.750
A40FA74E at  (  30.00,    0.00)'  Holding until 1.500


 At ET =  0.519 (0.519230769230769) second:
    Code     (      X,       Y)'  (     VX,      VY) fps       Fuse sec
C10FA74E at  ( -42.98,   47.59)'  ( -25.00,   83.29) fps with 2.981 sec
F70FA74E at  (   0.00,    0.00)'  Holding until 0.750
A40FA74E at  (  30.00,    0.00)'  Holding until 1.500


 At ET =  0.548 (0.548076923076923) second:
    Code     (      X,       Y)'  (     VX,      VY) fps       Fuse sec
C10FA74E at  ( -43.70,   49.98)'  ( -25.00,   82.37) fps with 2.952 sec
F70FA74E at  (   0.00,    0.00)'  Holding until 0.750
A40FA74E at  (  30.00,    0.00)'  Holding until 1.500


 At ET =  0.577 (0.576923076923077) second:
    Code     (      X,       Y)'  (     VX,      VY) fps       Fuse sec
C10FA74E at  ( -44.42,   52.34)'  ( -25.00,   81.44) fps with 2.923 sec
F70FA74E at  (   0.00,    0.00)'  Holding until 0.750
A40FA74E at  (  30.00,    0.00)'  Holding until 1.500


 At ET =  0.606 (0.605769230769231) second:
    Code     (      X,       Y)'  (     VX,      VY) fps       Fuse sec
C10FA74E at  ( -45.14,   54.67)'  ( -25.00,   80.51) fps with 2.894 sec
F70FA74E at  (   0.00,    0.00)'  Holding until 0.750
A40FA74E at  (  30.00,    0.00)'  Holding until 1.500


 At ET =  0.635 (0.634615384615385) second:
    Code     (      X,       Y)'  (     VX,      VY) fps       Fuse sec
C10FA74E at  ( -45.87,   56.98)'  ( -25.00,   79.58) fps with 2.865 sec
F70FA74E at  (   0.00,    0.00)'  Holding until 0.750
A40FA74E at  (  30.00,    0.00)'  Holding until 1.500


 At ET =  0.663 (0.663461538461539) second:
    Code     (      X,       Y)'  (     VX,      VY) fps       Fuse sec
C10FA74E at  ( -46.59,   59.26)'  ( -25.00,   78.65) fps with 2.837 sec
F70FA74E at  (   0.00,    0.00)'  Holding until 0.750
A40FA74E at  (  30.00,    0.00)'  Holding until 1.500


 At ET =  0.692 (0.692307692307692) second:
    Code     (      X,       Y)'  (     VX,      VY) fps       Fuse sec
C10FA74E at  ( -47.31,   61.52)'  ( -25.00,   77.73) fps with 2.808 sec
F70FA74E at  (   0.00,    0.00)'  Holding until 0.750
A40FA74E at  (  30.00,    0.00)'  Holding until 1.500


 At ET =  0.721 (0.721153846153846) second:
    Code     (      X,       Y)'  (     VX,      VY) fps       Fuse sec
C10FA74E at  ( -48.03,   63.75)'  ( -25.00,   76.80) fps with 2.779 sec
F70FA74E at  (   0.00,    0.00)'  Holding until 0.750
A40FA74E at  (  30.00,    0.00)'  Holding until 1.500


 At ET =  0.750 (0.750000000000000) second:
    Code     (      X,       Y)'  (     VX,      VY) fps       Fuse sec
C10FA74E at  ( -48.75,   65.95)'  ( -25.00,   75.87) fps with 2.750 sec
F70FA74E at  (   0.00,    0.00)'  (   0.00,  130.00) fps with 3.000 sec
A40FA74E at  (  30.00,    0.00)'  Holding until 1.500


 At ET =  0.779 (0.778846153846154) second:
    Code     (      X,       Y)'  (     VX,      VY) fps       Fuse sec
C10FA74E at  ( -49.47,   68.13)'  ( -25.00,   74.94) fps with 2.721 sec
F70FA74E at  (   0.00,    3.74)'  (   0.00,  129.07) fps with 2.971 sec
A40FA74E at  (  30.00,    0.00)'  Holding until 1.500


 At ET =  0.808 (0.807692307692308) second:
    Code     (      X,       Y)'  (     VX,      VY) fps       Fuse sec
C10FA74E at  ( -50.19,   70.27)'  ( -25.00,   74.01) fps with 2.692 sec
F70FA74E at  (   0.00,    7.45)'  (   0.00,  128.14) fps with 2.942 sec
A40FA74E at  (  30.00,    0.00)'  Holding until 1.500


 At ET =  0.837 (0.836538461538462) second:
    Code     (      X,       Y)'  (     VX,      VY) fps       Fuse sec
C10FA74E at  ( -50.91,   72.40)'  ( -25.00,   73.09) fps with 2.663 sec
F70FA74E at  (   0.00,   11.13)'  (   0.00,  127.22) fps with 2.913 sec
A40FA74E at  (  30.00,    0.00)'  Holding until 1.500


 At ET =  0.865 (0.865384615384616) second:
    Code     (      X,       Y)'  (     VX,      VY) fps       Fuse sec
C10FA74E at  ( -51.63,   74.49)'  ( -25.00,   72.16) fps with 2.635 sec
F70FA74E at  (   0.00,   14.79)'  (   0.00,  126.29) fps with 2.885 sec
A40FA74E at  (  30.00,    0.00)'  Holding until 1.500


 At ET =  0.894 (0.894230769230769) second:
    Code     (      X,       Y)'  (     VX,      VY) fps       Fuse sec
C10FA74E at  ( -52.36,   76.56)'  ( -25.00,   71.23) fps with 2.606 sec
F70FA74E at  (   0.00,   18.42)'  (   0.00,  125.36) fps with 2.856 sec
A40FA74E at  (  30.00,    0.00)'  Holding until 1.500


 At ET =  0.923 (0.923076923076923) second:
    Code     (      X,       Y)'  (     VX,      VY) fps       Fuse sec
C10FA74E at  ( -53.08,   78.60)'  ( -25.00,   70.30) fps with 2.577 sec
F70FA74E at  (   0.00,   22.02)'  (   0.00,  124.43) fps with 2.827 sec
A40FA74E at  (  30.00,    0.00)'  Holding until 1.500


 At ET =  0.952 (0.951923076923077) second:
    Code     (      X,       Y)'  (     VX,      VY) fps       Fuse sec
C10FA74E at  ( -53.80,   80.61)'  ( -25.00,   69.37) fps with 2.548 sec
F70FA74E at  (   0.00,   25.59)'  (   0.00,  123.50) fps with 2.798 sec
A40FA74E at  (  30.00,    0.00)'  Holding until 1.500


 At ET =  0.981 (0.980769230769231) second:
    Code     (      X,       Y)'  (     VX,      VY) fps       Fuse sec
C10FA74E at  ( -54.52,   82.60)'  ( -25.00,   68.44) fps with 2.519 sec
F70FA74E at  (   0.00,   29.14)'  (   0.00,  122.58) fps with 2.769 sec
A40FA74E at  (  30.00,    0.00)'  Holding until 1.500


 At ET =  1.010 (1.009615384615385) second:
    Code     (      X,       Y)'  (     VX,      VY) fps       Fuse sec
C10FA74E at  ( -55.24,   84.56)'  ( -25.00,   67.52) fps with 2.490 sec
F70FA74E at  (   0.00,   32.67)'  (   0.00,  121.65) fps with 2.740 sec
A40FA74E at  (  30.00,    0.00)'  Holding until 1.500


 At ET =  1.038 (1.038461538461539) second:
    Code     (      X,       Y)'  (     VX,      VY) fps       Fuse sec
C10FA74E at  ( -55.96,   86.50)'  ( -25.00,   66.59) fps with 2.462 sec
F70FA74E at  (   0.00,   36.16)'  (   0.00,  120.72) fps with 2.712 sec
A40FA74E at  (  30.00,    0.00)'  Holding until 1.500


 At ET =  1.067 (1.067307692307692) second:
    Code     (      X,       Y)'  (     VX,      VY) fps       Fuse sec
C10FA74E at  ( -56.68,   88.41)'  ( -25.00,   65.66) fps with 2.433 sec
F70FA74E at  (   0.00,   39.63)'  (   0.00,  119.79) fps with 2.683 sec
A40FA74E at  (  30.00,    0.00)'  Holding until 1.500


 At ET =  1.096 (1.096153846153846) second:
    Code     (      X,       Y)'  (     VX,      VY) fps       Fuse sec
C10FA74E at  ( -57.40,   90.29)'  ( -25.00,   64.73) fps with 2.404 sec
F70FA74E at  (   0.00,   43.07)'  (   0.00,  118.86) fps with 2.654 sec
A40FA74E at  (  30.00,    0.00)'  Holding until 1.500


 At ET =  1.125 (1.125000000000000) second:
    Code     (      X,       Y)'  (     VX,      VY) fps       Fuse sec
C10FA74E at  ( -58.13,   92.14)'  ( -25.00,   63.80) fps with 2.375 sec
F70FA74E at  (   0.00,   46.49)'  (   0.00,  117.93) fps with 2.625 sec
A40FA74E at  (  30.00,    0.00)'  Holding until 1.500


 At ET =  1.154 (1.153846153846154) second:
    Code     (      X,       Y)'  (     VX,      VY) fps       Fuse sec
C10FA74E at  ( -58.85,   93.97)'  ( -25.00,   62.88) fps with 2.346 sec
F70FA74E at  (   0.00,   49.88)'  (   0.00,  117.01) fps with 2.596 sec
A40FA74E at  (  30.00,    0.00)'  Holding until 1.500


 At ET =  1.183 (1.182692307692307) second:
    Code     (      X,       Y)'  (     VX,      VY) fps       Fuse sec
C10FA74E at  ( -59.57,   95.77)'  ( -25.00,   61.95) fps with 2.317 sec
F70FA74E at  (   0.00,   53.24)'  (   0.00,  116.08) fps with 2.567 sec
A40FA74E at  (  30.00,    0.00)'  Holding until 1.500


 At ET =  1.212 (1.211538461538461) second:
    Code     (      X,       Y)'  (     VX,      VY) fps       Fuse sec
C10FA74E at  ( -60.29,   97.54)'  ( -25.00,   61.02) fps with 2.288 sec
F70FA74E at  (   0.00,   56.57)'  (   0.00,  115.15) fps with 2.538 sec
A40FA74E at  (  30.00,    0.00)'  Holding until 1.500


 At ET =  1.240 (1.240384615384615) second:
    Code     (      X,       Y)'  (     VX,      VY) fps       Fuse sec
C10FA74E at  ( -61.01,   99.29)'  ( -25.00,   60.09) fps with 2.260 sec
F70FA74E at  (   0.00,   59.88)'  (   0.00,  114.22) fps with 2.510 sec
A40FA74E at  (  30.00,    0.00)'  Holding until 1.500


 At ET =  1.269 (1.269230769230768) second:
    Code     (      X,       Y)'  (     VX,      VY) fps       Fuse sec
C10FA74E at  ( -61.73,  101.01)'  ( -25.00,   59.16) fps with 2.231 sec
F70FA74E at  (   0.00,   63.16)'  (   0.00,  113.29) fps with 2.481 sec
A40FA74E at  (  30.00,    0.00)'  Holding until 1.500


 At ET =  1.298 (1.298076923076922) second:
    Code     (      X,       Y)'  (     VX,      VY) fps       Fuse sec
C10FA74E at  ( -62.45,  102.70)'  ( -25.00,   58.24) fps with 2.202 sec
F70FA74E at  (   0.00,   66.42)'  (   0.00,  112.37) fps with 2.452 sec
A40FA74E at  (  30.00,    0.00)'  Holding until 1.500


 At ET =  1.327 (1.326923076923076) second:
    Code     (      X,       Y)'  (     VX,      VY) fps       Fuse sec
C10FA74E at  ( -63.17,  104.37)'  ( -25.00,   57.31) fps with 2.173 sec
F70FA74E at  (   0.00,   69.65)'  (   0.00,  111.44) fps with 2.423 sec
A40FA74E at  (  30.00,    0.00)'  Holding until 1.500


 At ET =  1.356 (1.355769230769230) second:
    Code     (      X,       Y)'  (     VX,      VY) fps       Fuse sec
C10FA74E at  ( -63.89,  106.01)'  ( -25.00,   56.38) fps with 2.144 sec
F70FA74E at  (   0.00,   72.85)'  (   0.00,  110.51) fps with 2.394 sec
A40FA74E at  (  30.00,    0.00)'  Holding until 1.500


 At ET =  1.385 (1.384615384615383) second:
    Code     (      X,       Y)'  (     VX,      VY) fps       Fuse sec
C10FA74E at  ( -64.62,  107.62)'  ( -25.00,   55.45) fps with 2.115 sec
F70FA74E at  (   0.00,   76.02)'  (   0.00,  109.58) fps with 2.365 sec
A40FA74E at  (  30.00,    0.00)'  Holding until 1.500


 At ET =  1.413 (1.413461538461537) second:
    Code     (      X,       Y)'  (     VX,      VY) fps       Fuse sec
C10FA74E at  ( -65.34,  109.21)'  ( -25.00,   54.52) fps with 2.087 sec
F70FA74E at  (   0.00,   79.17)'  (   0.00,  108.65) fps with 2.337 sec
A40FA74E at  (  30.00,    0.00)'  Holding until 1.500


 At ET =  1.442 (1.442307692307691) second:
    Code     (      X,       Y)'  (     VX,      VY) fps       Fuse sec
C10FA74E at  ( -66.06,  110.77)'  ( -25.00,   53.60) fps with 2.058 sec
F70FA74E at  (   0.00,   82.29)'  (   0.00,  107.73) fps with 2.308 sec
A40FA74E at  (  30.00,    0.00)'  Holding until 1.500


 At ET =  1.471 (1.471153846153845) second:
    Code     (      X,       Y)'  (     VX,      VY) fps       Fuse sec
C10FA74E at  ( -66.78,  112.30)'  ( -25.00,   52.67) fps with 2.029 sec
F70FA74E at  (   0.00,   85.38)'  (   0.00,  106.80) fps with 2.279 sec
A40FA74E at  (  30.00,    0.00)'  Holding until 1.500


 At ET =  1.500 (1.499999999999998) second:
    Code     (      X,       Y)'  (     VX,      VY) fps       Fuse sec
C10FA74E at  ( -67.50,  113.80)'  ( -25.00,   51.74) fps with 2.000 sec
F70FA74E at  (   0.00,   88.45)'  (   0.00,  105.87) fps with 2.250 sec
A40FA74E at  (  30.00,    0.00)'  Holding until 1.500


 At ET =  1.529 (1.528846153846152) second:
    Code     (      X,       Y)'  (     VX,      VY) fps       Fuse sec
C10FA74E at  ( -68.22,  115.28)'  ( -25.00,   50.81) fps with 1.971 sec
F70FA74E at  (   0.00,   91.49)'  (   0.00,  104.94) fps with 2.221 sec
A40FA74E at  (  30.87,    3.16)'  (  30.00,  109.07) fps with 2.471 sec


 At ET =  1.558 (1.557692307692306) second:
    Code     (      X,       Y)'  (     VX,      VY) fps       Fuse sec
C10FA74E at  ( -68.94,  116.74)'  ( -25.00,   49.88) fps with 1.942 sec
F70FA74E at  (   0.00,   94.51)'  (   0.00,  104.01) fps with 2.192 sec
A40FA74E at  (  31.73,    6.29)'  (  30.00,  108.14) fps with 2.442 sec


 At ET =  1.587 (1.586538461538460) second:
    Code     (      X,       Y)'  (     VX,      VY) fps       Fuse sec
C10FA74E at  ( -69.66,  118.16)'  ( -25.00,   48.95) fps with 1.913 sec
F70FA74E at  (   0.00,   97.49)'  (   0.00,  103.09) fps with 2.163 sec
A40FA74E at  (  32.60,    9.40)'  (  30.00,  107.22) fps with 2.413 sec


 At ET =  1.615 (1.615384615384613) second:
    Code     (      X,       Y)'  (     VX,      VY) fps       Fuse sec
C10FA74E at  ( -70.38,  119.56)'  ( -25.00,   48.03) fps with 1.885 sec
F70FA74E at  (   0.00,  100.45)'  (   0.00,  102.16) fps with 2.135 sec
A40FA74E at  (  33.46,   12.48)'  (  30.00,  106.29) fps with 2.385 sec


 At ET =  1.644 (1.644230769230767) second:
    Code     (      X,       Y)'  (     VX,      VY) fps       Fuse sec
C10FA74E at  ( -71.11,  120.93)'  ( -25.00,   47.10) fps with 1.856 sec
F70FA74E at  (   0.00,  103.39)'  (   0.00,  101.23) fps with 2.106 sec
A40FA74E at  (  34.33,   15.53)'  (  30.00,  105.36) fps with 2.356 sec


 At ET =  1.673 (1.673076923076921) second:
    Code     (      X,       Y)'  (     VX,      VY) fps       Fuse sec
C10FA74E at  ( -71.83,  122.28)'  ( -25.00,   46.17) fps with 1.827 sec
F70FA74E at  (   0.00,  106.29)'  (   0.00,  100.30) fps with 2.077 sec
A40FA74E at  (  35.19,   18.56)'  (  30.00,  104.43) fps with 2.327 sec


 At ET =  1.702 (1.701923076923075) second:
    Code     (      X,       Y)'  (     VX,      VY) fps       Fuse sec
C10FA74E at  ( -72.55,  123.60)'  ( -25.00,   45.24) fps with 1.798 sec
F70FA74E at  (   0.00,  109.17)'  (   0.00,   99.37) fps with 2.048 sec
A40FA74E at  (  36.06,   21.56)'  (  30.00,  103.50) fps with 2.298 sec


 At ET =  1.731 (1.730769230769228) second:
    Code     (      X,       Y)'  (     VX,      VY) fps       Fuse sec
C10FA74E at  ( -73.27,  124.89)'  ( -25.00,   44.31) fps with 1.769 sec
F70FA74E at  (   0.00,  112.03)'  (   0.00,   98.44) fps with 2.019 sec
A40FA74E at  (  36.92,   24.53)'  (  30.00,  102.58) fps with 2.269 sec


 At ET =  1.760 (1.759615384615382) second:
    Code     (      X,       Y)'  (     VX,      VY) fps       Fuse sec
C10FA74E at  ( -73.99,  126.15)'  ( -25.00,   43.39) fps with 1.740 sec
F70FA74E at  (   0.00,  114.85)'  (   0.00,   97.52) fps with 1.990 sec
A40FA74E at  (  37.79,   27.47)'  (  30.00,  101.65) fps with 2.240 sec


 At ET =  1.788 (1.788461538461536) second:
    Code     (      X,       Y)'  (     VX,      VY) fps       Fuse sec
C10FA74E at  ( -74.71,  127.39)'  ( -25.00,   42.46) fps with 1.712 sec
F70FA74E at  (   0.00,  117.65)'  (   0.00,   96.59) fps with 1.962 sec
A40FA74E at  (  38.65,   30.39)'  (  30.00,  100.72) fps with 2.212 sec


 At ET =  1.817 (1.817307692307690) second:
    Code     (      X,       Y)'  (     VX,      VY) fps       Fuse sec
C10FA74E at  ( -75.43,  128.60)'  ( -25.00,   41.53) fps with 1.683 sec
F70FA74E at  (   0.00,  120.42)'  (   0.00,   95.66) fps with 1.933 sec
A40FA74E at  (  39.52,   33.28)'  (  30.00,   99.79) fps with 2.183 sec


 At ET =  1.846 (1.846153846153843) second:
    Code     (      X,       Y)'  (     VX,      VY) fps       Fuse sec
C10FA74E at  ( -76.15,  129.79)'  ( -25.00,   40.60) fps with 1.654 sec
F70FA74E at  (   0.00,  123.17)'  (   0.00,   94.73) fps with 1.904 sec
A40FA74E at  (  40.38,   36.15)'  (  30.00,   98.86) fps with 2.154 sec


 At ET =  1.875 (1.874999999999997) second:
    Code     (      X,       Y)'  (     VX,      VY) fps       Fuse sec
C10FA74E at  ( -76.87,  130.94)'  ( -25.00,   39.67) fps with 1.625 sec
F70FA74E at  (   0.00,  125.89)'  (   0.00,   93.80) fps with 1.875 sec
A40FA74E at  (  41.25,   38.99)'  (  30.00,   97.93) fps with 2.125 sec


 At ET =  1.904 (1.903846153846151) second:
    Code     (      X,       Y)'  (     VX,      VY) fps       Fuse sec
C10FA74E at  ( -77.60,  132.08)'  ( -25.00,   38.75) fps with 1.596 sec
F70FA74E at  (   0.00,  128.58)'  (   0.00,   92.88) fps with 1.846 sec
A40FA74E at  (  42.12,   41.80)'  (  30.00,   97.01) fps with 2.096 sec


 At ET =  1.933 (1.932692307692305) second:
    Code     (      X,       Y)'  (     VX,      VY) fps       Fuse sec
C10FA74E at  ( -78.32,  133.18)'  ( -25.00,   37.82) fps with 1.567 sec
F70FA74E at  (   0.00,  131.25)'  (   0.00,   91.95) fps with 1.817 sec
A40FA74E at  (  42.98,   44.58)'  (  30.00,   96.08) fps with 2.067 sec


 At ET =  1.962 (1.961538461538458) second:
    Code     (      X,       Y)'  (     VX,      VY) fps       Fuse sec
C10FA74E at  ( -79.04,  134.26)'  ( -25.00,   36.89) fps with 1.538 sec
F70FA74E at  (   0.00,  133.89)'  (   0.00,   91.02) fps with 1.788 sec
A40FA74E at  (  43.85,   47.34)'  (  30.00,   95.15) fps with 2.038 sec


 At ET =  1.990 (1.990384615384612) second:
    Code     (      X,       Y)'  (     VX,      VY) fps       Fuse sec
F70FA74E at  (   0.00,  136.50)'  (   0.00,   90.09) fps with 1.760 sec
C10FA74E at  ( -79.76,  135.31)'  ( -25.00,   35.96) fps with 1.510 sec
A40FA74E at  (  44.71,   50.07)'  (  30.00,   94.22) fps with 2.010 sec


 At ET =  2.019 (2.019230769230766) second:
    Code     (      X,       Y)'  (     VX,      VY) fps       Fuse sec
F70FA74E at  (   0.00,  139.08)'  (   0.00,   89.16) fps with 1.731 sec
C10FA74E at  ( -80.48,  136.33)'  ( -25.00,   35.03) fps with 1.481 sec
A40FA74E at  (  45.58,   52.78)'  (  30.00,   93.29) fps with 1.981 sec


 At ET =  2.048 (2.048076923076920) second:
    Code     (      X,       Y)'  (     VX,      VY) fps       Fuse sec
F70FA74E at  (   0.00,  141.64)'  (   0.00,   88.24) fps with 1.702 sec
C10FA74E at  ( -81.20,  137.33)'  ( -25.00,   34.11) fps with 1.452 sec
A40FA74E at  (  46.44,   55.46)'  (  30.00,   92.37) fps with 1.952 sec


 At ET =  2.077 (2.076923076923074) second:
    Code     (      X,       Y)'  (     VX,      VY) fps       Fuse sec
F70FA74E at  (   0.00,  144.18)'  (   0.00,   87.31) fps with 1.673 sec
C10FA74E at  ( -81.92,  138.30)'  ( -25.00,   33.18) fps with 1.423 sec
A40FA74E at  (  47.31,   58.11)'  (  30.00,   91.44) fps with 1.923 sec


 At ET =  2.106 (2.105769230769227) second:
    Code     (      X,       Y)'  (     VX,      VY) fps       Fuse sec
F70FA74E at  (   0.00,  146.68)'  (   0.00,   86.38) fps with 1.644 sec
C10FA74E at  ( -82.64,  139.24)'  ( -25.00,   32.25) fps with 1.394 sec
A40FA74E at  (  48.17,   60.73)'  (  30.00,   90.51) fps with 1.894 sec


 At ET =  2.135 (2.134615384615381) second:
    Code     (      X,       Y)'  (     VX,      VY) fps       Fuse sec
F70FA74E at  (   0.00,  149.16)'  (   0.00,   85.45) fps with 1.615 sec
C10FA74E at  ( -83.37,  140.16)'  ( -25.00,   31.32) fps with 1.365 sec
A40FA74E at  (  49.04,   63.33)'  (  30.00,   89.58) fps with 1.865 sec


 At ET =  2.163 (2.163461538461535) second:
    Code     (      X,       Y)'  (     VX,      VY) fps       Fuse sec
F70FA74E at  (   0.00,  151.61)'  (   0.00,   84.52) fps with 1.587 sec
C10FA74E at  ( -84.09,  141.05)'  ( -25.00,   30.39) fps with 1.337 sec
A40FA74E at  (  49.90,   65.90)'  (  30.00,   88.65) fps with 1.837 sec


 At ET =  2.192 (2.192307692307689) second:
    Code     (      X,       Y)'  (     VX,      VY) fps       Fuse sec
F70FA74E at  (   0.00,  154.03)'  (   0.00,   83.60) fps with 1.558 sec
C10FA74E at  ( -84.81,  141.91)'  ( -25.00,   29.46) fps with 1.308 sec
A40FA74E at  (  50.77,   68.44)'  (  30.00,   87.73) fps with 1.808 sec


 At ET =  2.221 (2.221153846153842) second:
    Code     (      X,       Y)'  (     VX,      VY) fps       Fuse sec
F70FA74E at  (   0.00,  156.43)'  (   0.00,   82.67) fps with 1.529 sec
C10FA74E at  ( -85.53,  142.75)'  ( -25.00,   28.54) fps with 1.279 sec
A40FA74E at  (  51.63,   70.96)'  (  30.00,   86.80) fps with 1.779 sec


 At ET =  2.250 (2.249999999999996) second:
    Code     (      X,       Y)'  (     VX,      VY) fps       Fuse sec
F70FA74E at  (   0.00,  158.80)'  (   0.00,   81.74) fps with 1.500 sec
C10FA74E at  ( -86.25,  143.56)'  ( -25.00,   27.61) fps with 1.250 sec
A40FA74E at  (  52.50,   73.45)'  (  30.00,   85.87) fps with 1.750 sec


 At ET =  2.279 (2.278846153846150) second:
    Code     (      X,       Y)'  (     VX,      VY) fps       Fuse sec
F70FA74E at  (   0.00,  161.15)'  (   0.00,   80.81) fps with 1.471 sec
C10FA74E at  ( -86.97,  144.34)'  ( -25.00,   26.68) fps with 1.221 sec
A40FA74E at  (  53.37,   75.91)'  (  30.00,   84.94) fps with 1.721 sec


 At ET =  2.308 (2.307692307692303) second:
    Code     (      X,       Y)'  (     VX,      VY) fps       Fuse sec
F70FA74E at  (   0.00,  163.47)'  (   0.00,   79.88) fps with 1.442 sec
C10FA74E at  ( -87.69,  145.10)'  ( -25.00,   25.75) fps with 1.192 sec
A40FA74E at  (  54.23,   78.35)'  (  30.00,   84.01) fps with 1.692 sec


 At ET =  2.337 (2.336538461538457) second:
    Code     (      X,       Y)'  (     VX,      VY) fps       Fuse sec
F70FA74E at  (   0.00,  165.76)'  (   0.00,   78.95) fps with 1.413 sec
C10FA74E at  ( -88.41,  145.83)'  ( -25.00,   24.82) fps with 1.163 sec
A40FA74E at  (  55.10,   80.76)'  (  30.00,   83.09) fps with 1.663 sec


 At ET =  2.365 (2.365384615384611) second:
    Code     (      X,       Y)'  (     VX,      VY) fps       Fuse sec
F70FA74E at  (   0.00,  168.02)'  (   0.00,   78.03) fps with 1.385 sec
C10FA74E at  ( -89.13,  146.53)'  ( -25.00,   23.90) fps with 1.135 sec
A40FA74E at  (  55.96,   83.14)'  (  30.00,   82.16) fps with 1.635 sec


 At ET =  2.394 (2.394230769230765) second:
    Code     (      X,       Y)'  (     VX,      VY) fps       Fuse sec
F70FA74E at  (   0.00,  170.26)'  (   0.00,   77.10) fps with 1.356 sec
C10FA74E at  ( -89.86,  147.21)'  ( -25.00,   22.97) fps with 1.106 sec
A40FA74E at  (  56.83,   85.50)'  (  30.00,   81.23) fps with 1.606 sec


 At ET =  2.423 (2.423076923076918) second:
    Code     (      X,       Y)'  (     VX,      VY) fps       Fuse sec
F70FA74E at  (   0.00,  172.47)'  (   0.00,   76.17) fps with 1.327 sec
C10FA74E at  ( -90.58,  147.86)'  ( -25.00,   22.04) fps with 1.077 sec
A40FA74E at  (  57.69,   87.83)'  (  30.00,   80.30) fps with 1.577 sec


 At ET =  2.452 (2.451923076923072) second:
    Code     (      X,       Y)'  (     VX,      VY) fps       Fuse sec
F70FA74E at  (   0.00,  174.65)'  (   0.00,   75.24) fps with 1.298 sec
C10FA74E at  ( -91.30,  148.48)'  ( -25.00,   21.11) fps with 1.048 sec
A40FA74E at  (  58.56,   90.13)'  (  30.00,   79.37) fps with 1.548 sec


 At ET =  2.481 (2.480769230769226) second:
    Code     (      X,       Y)'  (     VX,      VY) fps       Fuse sec
F70FA74E at  (   0.00,  176.81)'  (   0.00,   74.31) fps with 1.269 sec
C10FA74E at  ( -92.02,  149.07)'  ( -25.00,   20.18) fps with 1.019 sec
A40FA74E at  (  59.42,   92.41)'  (  30.00,   78.44) fps with 1.519 sec


 At ET =  2.510 (2.509615384615380) second:
    Code     (      X,       Y)'  (     VX,      VY) fps       Fuse sec
F70FA74E at  (   0.00,  178.94)'  (   0.00,   73.39) fps with 1.240 sec
C10FA74E at  ( -92.74,  149.64)'  ( -25.00,   19.26) fps with 0.990 sec
A40FA74E at  (  60.29,   94.66)'  (  30.00,   77.52) fps with 1.490 sec


 At ET =  2.538 (2.538461538461533) second:
    Code     (      X,       Y)'  (     VX,      VY) fps       Fuse sec
F70FA74E at  (   0.00,  181.04)'  (   0.00,   72.46) fps with 1.212 sec
C10FA74E at  ( -93.46,  150.18)'  ( -25.00,   18.33) fps with 0.962 sec
A40FA74E at  (  61.15,   96.88)'  (  30.00,   76.59) fps with 1.462 sec


 At ET =  2.567 (2.567307692307687) second:
    Code     (      X,       Y)'  (     VX,      VY) fps       Fuse sec
F70FA74E at  (   0.00,  183.12)'  (   0.00,   71.53) fps with 1.183 sec
C10FA74E at  ( -94.18,  150.70)'  ( -25.00,   17.40) fps with 0.933 sec
A40FA74E at  (  62.02,   99.08)'  (  30.00,   75.66) fps with 1.433 sec


 At ET =  2.596 (2.596153846153841) second:
    Code     (      X,       Y)'  (     VX,      VY) fps       Fuse sec
F70FA74E at  (   0.00,  185.17)'  (   0.00,   70.60) fps with 1.154 sec
C10FA74E at  ( -94.90,  151.19)'  ( -25.00,   16.47) fps with 0.904 sec
A40FA74E at  (  62.88,  101.25)'  (  30.00,   74.73) fps with 1.404 sec


 At ET =  2.625 (2.624999999999995) second:
    Code     (      X,       Y)'  (     VX,      VY) fps       Fuse sec
F70FA74E at  (   0.00,  187.19)'  (   0.00,   69.67) fps with 1.125 sec
C10FA74E at  ( -95.62,  151.65)'  ( -25.00,   15.54) fps with 0.875 sec
A40FA74E at  (  63.75,  103.39)'  (  30.00,   73.80) fps with 1.375 sec


 At ET =  2.654 (2.653846153846148) second:
    Code     (      X,       Y)'  (     VX,      VY) fps       Fuse sec
F70FA74E at  (   0.00,  189.19)'  (   0.00,   68.75) fps with 1.096 sec
C10FA74E at  ( -96.35,  152.09)'  ( -25.00,   14.62) fps with 0.846 sec
A40FA74E at  (  64.62,  105.51)'  (  30.00,   72.88) fps with 1.346 sec


 At ET =  2.683 (2.682692307692302) second:
    Code     (      X,       Y)'  (     VX,      VY) fps       Fuse sec
F70FA74E at  (   0.00,  191.16)'  (   0.00,   67.82) fps with 1.067 sec
C10FA74E at  ( -97.07,  152.49)'  ( -25.00,   13.69) fps with 0.817 sec
A40FA74E at  (  65.48,  107.59)'  (  30.00,   71.95) fps with 1.317 sec


 At ET =  2.712 (2.711538461538456) second:
    Code     (      X,       Y)'  (     VX,      VY) fps       Fuse sec
F70FA74E at  (   0.00,  193.10)'  (   0.00,   66.89) fps with 1.038 sec
C10FA74E at  ( -97.79,  152.87)'  ( -25.00,   12.76) fps with 0.788 sec
A40FA74E at  (  66.35,  109.66)'  (  30.00,   71.02) fps with 1.288 sec


 At ET =  2.740 (2.740384615384610) second:
    Code     (      X,       Y)'  (     VX,      VY) fps       Fuse sec
F70FA74E at  (   0.00,  195.02)'  (   0.00,   65.96) fps with 1.010 sec
C10FA74E at  ( -98.51,  153.23)'  ( -25.00,   11.83) fps with 0.760 sec
A40FA74E at  (  67.21,  111.69)'  (  30.00,   70.09) fps with 1.260 sec


 At ET =  2.769 (2.769230769230763) second:
    Code     (      X,       Y)'  (     VX,      VY) fps       Fuse sec
F70FA74E at  (   0.00,  196.91)'  (   0.00,   65.03) fps with 0.981 sec
C10FA74E at  ( -99.23,  153.56)'  ( -25.00,   10.90) fps with 0.731 sec
A40FA74E at  (  68.08,  113.70)'  (  30.00,   69.16) fps with 1.231 sec


 At ET =  2.798 (2.798076923076917) second:
    Code     (      X,       Y)'  (     VX,      VY) fps       Fuse sec
F70FA74E at  (   0.00,  198.77)'  (   0.00,   64.11) fps with 0.952 sec
C10FA74E at  ( -99.95,  153.86)'  ( -25.00,    9.97) fps with 0.702 sec
A40FA74E at  (  68.94,  115.68)'  (  30.00,   68.24) fps with 1.202 sec


 At ET =  2.827 (2.826923076923071) second:
    Code     (      X,       Y)'  (     VX,      VY) fps       Fuse sec
F70FA74E at  (   0.00,  200.61)'  (   0.00,   63.18) fps with 0.923 sec
C10FA74E at  (-100.67,  154.13)'  ( -25.00,    9.05) fps with 0.673 sec
A40FA74E at  (  69.81,  117.64)'  (  30.00,   67.31) fps with 1.173 sec


 At ET =  2.856 (2.855769230769225) second:
    Code     (      X,       Y)'  (     VX,      VY) fps       Fuse sec
F70FA74E at  (   0.00,  202.42)'  (   0.00,   62.25) fps with 0.894 sec
C10FA74E at  (-101.39,  154.38)'  ( -25.00,    8.12) fps with 0.644 sec
A40FA74E at  (  70.67,  119.56)'  (  30.00,   66.38) fps with 1.144 sec


 At ET =  2.885 (2.884615384615378) second:
    Code     (      X,       Y)'  (     VX,      VY) fps       Fuse sec
F70FA74E at  (   0.00,  204.20)'  (   0.00,   61.32) fps with 0.865 sec
C10FA74E at  (-102.12,  154.60)'  ( -25.00,    7.19) fps with 0.615 sec
A40FA74E at  (  71.54,  121.47)'  (  30.00,   65.45) fps with 1.115 sec


 At ET =  2.913 (2.913461538461532) second:
    Code     (      X,       Y)'  (     VX,      VY) fps       Fuse sec
F70FA74E at  (   0.00,  205.95)'  (   0.00,   60.39) fps with 0.837 sec
C10FA74E at  (-102.84,  154.80)'  ( -25.00,    6.26) fps with 0.587 sec
A40FA74E at  (  72.40,  123.34)'  (  30.00,   64.52) fps with 1.087 sec


 At ET =  2.942 (2.942307692307686) second:
    Code     (      X,       Y)'  (     VX,      VY) fps       Fuse sec
F70FA74E at  (   0.00,  207.68)'  (   0.00,   59.46) fps with 0.808 sec
C10FA74E at  (-103.56,  154.96)'  ( -25.00,    5.33) fps with 0.558 sec
A40FA74E at  (  73.27,  125.19)'  (  30.00,   63.60) fps with 1.058 sec


 At ET =  2.971 (2.971153846153840) second:
    Code     (      X,       Y)'  (     VX,      VY) fps       Fuse sec
F70FA74E at  (   0.00,  209.38)'  (   0.00,   58.54) fps with 0.779 sec
C10FA74E at  (-104.28,  155.10)'  ( -25.00,    4.41) fps with 0.529 sec
A40FA74E at  (  74.13,  127.01)'  (  30.00,   62.67) fps with 1.029 sec


 At ET =  3.000 (2.999999999999993) second:
    Code     (      X,       Y)'  (     VX,      VY) fps       Fuse sec
F70FA74E at  (   0.00,  211.06)'  (   0.00,   57.61) fps with 0.750 sec
C10FA74E at  (-105.00,  155.22)'  ( -25.00,    3.48) fps with 0.500 sec
A40FA74E at  (  75.00,  128.80)'  (  30.00,   61.74) fps with 1.000 sec


 At ET =  3.029 (3.028846153846147) second:
    Code     (      X,       Y)'  (     VX,      VY) fps       Fuse sec
F70FA74E at  (   0.00,  212.71)'  (   0.00,   56.68) fps with 0.721 sec
C10FA74E at  (-105.72,  155.30)'  ( -25.00,    2.55) fps with 0.471 sec
A40FA74E at  (  75.87,  130.57)'  (  30.00,   60.81) fps with 0.971 sec


 At ET =  3.058 (3.057692307692301) second:
    Code     (      X,       Y)'  (     VX,      VY) fps       Fuse sec
F70FA74E at  (   0.00,  214.33)'  (   0.00,   55.75) fps with 0.692 sec
C10FA74E at  (-106.44,  155.36)'  ( -25.00,    1.62) fps with 0.442 sec
A40FA74E at  (  76.73,  132.31)'  (  30.00,   59.88) fps with 0.942 sec


 At ET =  3.087 (3.086538461538455) second:
    Code     (      X,       Y)'  (     VX,      VY) fps       Fuse sec
F70FA74E at  (   0.00,  215.92)'  (   0.00,   54.82) fps with 0.663 sec
C10FA74E at  (-107.16,  155.40)'  ( -25.00,    0.69) fps with 0.413 sec
A40FA74E at  (  77.60,  134.03)'  (  30.00,   58.95) fps with 0.913 sec
RANGE SAFETY WARNING: C10FA74E is falling at 155.4' alt and -107.9' downrange with 0.385s till detonation.


 At ET =  3.115 (3.115384615384608) second:
    Code     (      X,       Y)'  (     VX,      VY) fps       Fuse sec
F70FA74E at  (   0.00,  217.49)'  (   0.00,   53.90) fps with 0.635 sec
C10FA74E at  (-107.88,  155.40)'  ( -25.00,   -0.23) fps with 0.385 sec
A40FA74E at  (  78.46,  135.71)'  (  30.00,   58.03) fps with 0.885 sec


 At ET =  3.144 (3.144230769230762) second:
    Code     (      X,       Y)'  (     VX,      VY) fps       Fuse sec
F70FA74E at  (   0.00,  219.03)'  (   0.00,   52.97) fps with 0.606 sec
C10FA74E at  (-108.61,  155.38)'  ( -25.00,   -1.16) fps with 0.356 sec
A40FA74E at  (  79.33,  137.37)'  (  30.00,   57.10) fps with 0.856 sec


 At ET =  3.173 (3.173076923076916) second:
    Code     (      X,       Y)'  (     VX,      VY) fps       Fuse sec
F70FA74E at  (   0.00,  220.55)'  (   0.00,   52.04) fps with 0.577 sec
C10FA74E at  (-109.33,  155.34)'  ( -25.00,   -2.09) fps with 0.327 sec
A40FA74E at  (  80.19,  139.01)'  (  30.00,   56.17) fps with 0.827 sec


 At ET =  3.202 (3.201923076923070) second:
    Code     (      X,       Y)'  (     VX,      VY) fps       Fuse sec
F70FA74E at  (   0.00,  222.04)'  (   0.00,   51.11) fps with 0.548 sec
C10FA74E at  (-110.05,  155.26)'  ( -25.00,   -3.02) fps with 0.298 sec
A40FA74E at  (  81.06,  140.61)'  (  30.00,   55.24) fps with 0.798 sec


 At ET =  3.231 (3.230769230769223) second:
    Code     (      X,       Y)'  (     VX,      VY) fps       Fuse sec
F70FA74E at  (   0.00,  223.50)'  (   0.00,   50.18) fps with 0.519 sec
C10FA74E at  (-110.77,  155.16)'  ( -25.00,   -3.95) fps with 0.269 sec
A40FA74E at  (  81.92,  142.19)'  (  30.00,   54.31) fps with 0.769 sec


 At ET =  3.260 (3.259615384615377) second:
    Code     (      X,       Y)'  (     VX,      VY) fps       Fuse sec
F70FA74E at  (   0.00,  224.93)'  (   0.00,   49.26) fps with 0.490 sec
C10FA74E at  (-111.49,  155.04)'  ( -25.00,   -4.88) fps with 0.240 sec
A40FA74E at  (  82.79,  143.75)'  (  30.00,   53.39) fps with 0.740 sec


 At ET =  3.288 (3.288461538461531) second:
    Code     (      X,       Y)'  (     VX,      VY) fps       Fuse sec
F70FA74E at  (   0.00,  226.34)'  (   0.00,   48.33) fps with 0.462 sec
C10FA74E at  (-112.21,  154.88)'  ( -25.00,   -5.80) fps with 0.212 sec
A40FA74E at  (  83.65,  145.27)'  (  30.00,   52.46) fps with 0.712 sec


 At ET =  3.317 (3.317307692307685) second:
    Code     (      X,       Y)'  (     VX,      VY) fps       Fuse sec
F70FA74E at  (   0.00,  227.72)'  (   0.00,   47.40) fps with 0.433 sec
C10FA74E at  (-112.93,  154.70)'  ( -25.00,   -6.73) fps with 0.183 sec
A40FA74E at  (  84.52,  146.77)'  (  30.00,   51.53) fps with 0.683 sec


 At ET =  3.346 (3.346153846153838) second:
    Code     (      X,       Y)'  (     VX,      VY) fps       Fuse sec
F70FA74E at  (   0.00,  229.07)'  (   0.00,   46.47) fps with 0.404 sec
C10FA74E at  (-113.65,  154.49)'  ( -25.00,   -7.66) fps with 0.154 sec
A40FA74E at  (  85.38,  148.25)'  (  30.00,   50.60) fps with 0.654 sec


 At ET =  3.375 (3.374999999999992) second:
    Code     (      X,       Y)'  (     VX,      VY) fps       Fuse sec
F70FA74E at  (   0.00,  230.40)'  (   0.00,   45.54) fps with 0.375 sec
C10FA74E at  (-114.37,  154.26)'  ( -25.00,   -8.59) fps with 0.125 sec
A40FA74E at  (  86.25,  149.69)'  (  30.00,   49.67) fps with 0.625 sec


 At ET =  3.404 (3.403846153846146) second:
    Code     (      X,       Y)'  (     VX,      VY) fps       Fuse sec
F70FA74E at  (   0.00,  231.70)'  (   0.00,   44.62) fps with 0.346 sec
C10FA74E at  (-115.10,  154.00)'  ( -25.00,   -9.52) fps with 0.096 sec
A40FA74E at  (  87.12,  151.11)'  (  30.00,   48.75) fps with 0.596 sec


 At ET =  3.433 (3.432692307692299) second:
    Code     (      X,       Y)'  (     VX,      VY) fps       Fuse sec
F70FA74E at  (   0.00,  232.97)'  (   0.00,   43.69) fps with 0.317 sec
C10FA74E at  (-115.82,  153.71)'  ( -25.00,  -10.44) fps with 0.067 sec
A40FA74E at  (  87.98,  152.51)'  (  30.00,   47.82) fps with 0.567 sec


 At ET =  3.462 (3.461538461538453) second:
    Code     (      X,       Y)'  (     VX,      VY) fps       Fuse sec
F70FA74E at  (   0.00,  234.22)'  (   0.00,   42.76) fps with 0.288 sec
A40FA74E at  (  88.85,  153.87)'  (  30.00,   46.89) fps with 0.538 sec
C10FA74E at  (-116.54,  153.40)'  ( -25.00,  -11.37) fps with 0.038 sec


 At ET =  3.490 (3.490384615384607) second:
    Code     (      X,       Y)'  (     VX,      VY) fps       Fuse sec
F70FA74E at  (   0.00,  235.44)'  (   0.00,   41.83) fps with 0.260 sec
A40FA74E at  (  89.71,  155.21)'  (  30.00,   45.96) fps with 0.510 sec
C10FA74E at  (-117.26,  153.05)'  ( -25.00,  -12.30) fps with 0.010 sec
Color #1 starburst at (-117.50, 152.93)'
Flash at Flash at (-117.50, 152.93)'
DIAGNOSTIC: Freeing firework with code C10FA74E.  1 freed.
DIAGNOSTIC: 1 nodes freed.



 At ET =  3.519 (3.519230769230761) second:
    Code     (      X,       Y)'  (     VX,      VY) fps       Fuse sec
F70FA74E at  (   0.00,  236.63)'  (   0.00,   40.90) fps with 0.231 sec
A40FA74E at  (  90.58,  156.52)'  (  30.00,   45.03) fps with 0.481 sec


 At ET =  3.548 (3.548076923076914) second:
    Code     (      X,       Y)'  (     VX,      VY) fps       Fuse sec
F70FA74E at  (   0.00,  237.80)'  (   0.00,   39.97) fps with 0.202 sec
A40FA74E at  (  91.44,  157.81)'  (  30.00,   44.11) fps with 0.452 sec


 At ET =  3.577 (3.576923076923068) second:
    Code     (      X,       Y)'  (     VX,      VY) fps       Fuse sec
F70FA74E at  (   0.00,  238.94)'  (   0.00,   39.05) fps with 0.173 sec
A40FA74E at  (  92.31,  159.07)'  (  30.00,   43.18) fps with 0.423 sec


 At ET =  3.606 (3.605769230769222) second:
    Code     (      X,       Y)'  (     VX,      VY) fps       Fuse sec
F70FA74E at  (   0.00,  240.05)'  (   0.00,   38.12) fps with 0.144 sec
A40FA74E at  (  93.17,  160.30)'  (  30.00,   42.25) fps with 0.394 sec


 At ET =  3.635 (3.634615384615376) second:
    Code     (      X,       Y)'  (     VX,      VY) fps       Fuse sec
F70FA74E at  (   0.00,  241.14)'  (   0.00,   37.19) fps with 0.115 sec
A40FA74E at  (  94.04,  161.51)'  (  30.00,   41.32) fps with 0.365 sec


 At ET =  3.663 (3.663461538461529) second:
    Code     (      X,       Y)'  (     VX,      VY) fps       Fuse sec
F70FA74E at  (   0.00,  242.20)'  (   0.00,   36.26) fps with 0.087 sec
A40FA74E at  (  94.90,  162.68)'  (  30.00,   40.39) fps with 0.337 sec


 At ET =  3.692 (3.692307692307683) second:
    Code     (      X,       Y)'  (     VX,      VY) fps       Fuse sec
F70FA74E at  (   0.00,  243.23)'  (   0.00,   35.33) fps with 0.058 sec
A40FA74E at  (  95.77,  163.84)'  (  30.00,   39.46) fps with 0.308 sec


 At ET =  3.721 (3.721153846153837) second:
    Code     (      X,       Y)'  (     VX,      VY) fps       Fuse sec
F70FA74E at  (   0.00,  244.24)'  (   0.00,   34.41) fps with 0.029 sec
A40FA74E at  (  96.63,  164.96)'  (  30.00,   38.54) fps with 0.279 sec


 At ET =  3.750 (3.749999999999991) second:
    Code     (      X,       Y)'  (     VX,      VY) fps       Fuse sec
F70FA74E at  (   0.00,  245.22)'  (   0.00,   33.48) fps with 0.000 sec
A40FA74E at  (  97.50,  166.06)'  (  30.00,   37.61) fps with 0.250 sec
Color #7 starburst at (  0.00, 245.22)'
Flash at Flash at (  0.00, 245.22)'
Boom at (  0.00, 245.22)'
DIAGNOSTIC: Freeing firework with code F70FA74E.  1 freed.
DIAGNOSTIC: 2 nodes freed.



 At ET =  3.779 (3.778846153846144) second:
    Code     (      X,       Y)'  (     VX,      VY) fps       Fuse sec
A40FA74E at  (  98.37,  167.13)'  (  30.00,   36.68) fps with 0.221 sec


 At ET =  3.808 (3.807692307692298) second:
    Code     (      X,       Y)'  (     VX,      VY) fps       Fuse sec
A40FA74E at  (  99.23,  168.18)'  (  30.00,   35.75) fps with 0.192 sec


 At ET =  3.837 (3.836538461538452) second:
    Code     (      X,       Y)'  (     VX,      VY) fps       Fuse sec
A40FA74E at  ( 100.10,  169.19)'  (  30.00,   34.82) fps with 0.163 sec


 At ET =  3.865 (3.865384615384606) second:
    Code     (      X,       Y)'  (     VX,      VY) fps       Fuse sec
A40FA74E at  ( 100.96,  170.18)'  (  30.00,   33.90) fps with 0.135 sec


 At ET =  3.894 (3.894230769230759) second:
    Code     (      X,       Y)'  (     VX,      VY) fps       Fuse sec
A40FA74E at  ( 101.83,  171.15)'  (  30.00,   32.97) fps with 0.106 sec


 At ET =  3.923 (3.923076923076913) second:
    Code     (      X,       Y)'  (     VX,      VY) fps       Fuse sec
A40FA74E at  ( 102.69,  172.09)'  (  30.00,   32.04) fps with 0.077 sec


 At ET =  3.952 (3.951923076923067) second:
    Code     (      X,       Y)'  (     VX,      VY) fps       Fuse sec
A40FA74E at  ( 103.56,  173.00)'  (  30.00,   31.11) fps with 0.048 sec


 At ET =  3.981 (3.980769230769221) second:
    Code     (      X,       Y)'  (     VX,      VY) fps       Fuse sec
A40FA74E at  ( 104.42,  173.88)'  (  30.00,   30.18) fps with 0.019 sec
Color #4 starburst at (105.00, 174.46)'
Boom at (105.00, 174.46)'
DIAGNOSTIC: Freeing firework with code A40FA74E.  1 freed.
DIAGNOSTIC: 3 nodes freed.
