DIAGNOSTIC: Allocating space for code 810FA74E.  1 allocated.
DIAGNOSTIC: 1 nodes allocated.
DIAGNOSTIC: Allocating space for code 820FA74E.  2 allocated.
DIAGNOSTIC: 2 nodes allocated.
DIAGNOSTIC: Allocating space for code 830FA74E.  3 allocated.
DIAGNOSTIC: 3 nodes allocated.
DIAGNOSTIC: Allocating space for code 840FA74E.  4 allocated.
DIAGNOSTIC: 4 nodes allocated.
DIAGNOSTIC: Allocating space for code 850FA74E.  5 allocated.
DIAGNOSTIC: 5 nodes allocated.
DIAGNOSTIC: Allocating space for code 860FA74E.  6 allocated.
DIAGNOSTIC: 6 nodes allocated.
DIAGNOSTIC: Allocating space for code 870FA74E.  7 allocated.
DIAGNOSTIC: 7 nodes allocated.

 At ET =  0.000 (0.000000000000000) second:
    Code     (      X,       Y)'  (     VX,      VY) fps       Fuse sec
810FA74E at  (-150.00,    0.00)'  (   0.00,  130.00) fps with 1.000 sec
820FA74E at  (-100.00,    0.00)'  (   0.00,  130.00) fps with 1.250 sec
830FA74E at  ( -50.00,    0.00)'  (   0.00,  130.00) fps with 1.500 sec
840FA74E at  (   0.00,    0.00)'  (   0.00,  130.00) fps with 1.750 sec
850FA74E at  (  50.00,    0.00)'  (   0.00,  130.00) fps with 2.000 sec
860FA74E at  ( 100.00,    0.00)'  (   0.00,  130.00) fps with 2.250 sec
870FA74E at  ( 150.00,    0.00)'  (   0.00,  130.00) fps with 2.500 sec


 At ET =  0.029 (0.028846153846154) second:
    Code     (      X,       Y)'  (     VX,      VY) fps       Fuse sec
810FA74E at  (-150.00,    3.74)'  (   0.00,  129.07) fps with 0.971 sec
820FA74E at  (-100.00,    3.74)'  (   0.00,  129.07) fps with 1.221 sec
830FA74E at  ( -50.00,    3.74)'  (   0.00,  129.07) fps with 1.471 sec
840FA74E at  (   0.00,    3.74)'  (   0.00,  129.07) fps with 1.721 sec
850FA74E at  (  50.00,    3.74)'  (   0.00,  129.07) fps with 1.971 sec
860FA74E at  ( 100.00,    3.74)'  (   0.00,  129.07) fps with 2.221 sec
870FA74E at  ( 150.00,    3.74)'  (   0.00,  129.07) fps with 2.471 sec


 At ET =  0.058 (0.057692307692308) second:
    Code     (      X,       Y)'  (     VX,      VY) fps       Fuse sec
810FA74E at  (-150.00,    7.45)'  (   0.00,  128.14) fps with 0.942 sec
820FA74E at  (-100.00,    7.45)'  (   0.00,  128.14) fps with 1.192 sec
830FA74E at  ( -50.00,    7.45)'  (   0.00,  128.14) fps with 1.442 sec
840FA74E at  (   0.00,    7.45)'  (   0.00,  128.14) fps with 1.692 sec
850FA74E at  (  50.00,    7.45)'  (   0.00,  128.14) fps with 1.942 sec
860FA74E at  ( 100.00,    7.45)'  (   0.00,  128.14) fps with 2.192 sec
870FA74E at  ( 150.00,    7.45)'  (   0.00,  128.14) fps with 2.442 sec


 At ET =  0.087 (0.086538461538462) second:
    Code     (      X,       Y)'  (     VX,      VY) fps       Fuse sec
810FA74E at  (-150.00,   11.13)'  (   0.00,  127.22) fps with 0.913 sec
820FA74E at  (-100.00,   11.13)'  (   0.00,  127.22) fps with 1.163 sec
830FA74E at  ( -50.00,   11.13)'  (   0.00,  127.22) fps with 1.413 sec
840FA74E at  (   0.00,   11.13)'  (   0.00,  127.22) fps with 1.663 sec
850FA74E at  (  50.00,   11.13)'  (   0.00,  127.22) fps with 1.913 sec
860FA74E at  ( 100.00,   11.13)'  (   0.00,  127.22) fps with 2.163 sec
870FA74E at  ( 150.00,   11.13)'  (   0.00,  127.22) fps with 2.413 sec


 At ET =  0.115 (0.115384615384615) second:
    Code     (      X,       Y)'  (     VX,      VY) fps       Fuse sec
810FA74E at  (-150.00,   14.79)'  (   0.00,  126.29) fps with 0.885 sec
820FA74E at  (-100.00,   14.79)'  (   0.00,  126.29) fps with 1.135 sec
830FA74E at  ( -50.00,   14.79)'  (   0.00,  126.29) fps with 1.385 sec
840FA74E at  (   0.00,   14.79)'  (   0.00,  126.29) fps with 1.635 sec
850FA74E at  (  50.00,   14.79)'  (   0.00,  126.29) fps with 1.885 sec
860FA74E at  ( 100.00,   14.79)'  (   0.00,  126.29) fps with 2.135 sec
870FA74E at  ( 150.00,   14.79)'  (   0.00,  126.29) fps with 2.385 sec


 At ET =  0.144 (0.144230769230769) second:
    Code     (      X,       Y)'  (     VX,      VY) fps       Fuse sec
810FA74E at  (-150.00,   18.42)'  (   0.00,  125.36) fps with 0.856 sec
820FA74E at  (-100.00,   18.42)'  (   0.00,  125.36) fps with 1.106 sec
830FA74E at  ( -50.00,   18.42)'  (   0.00,  125.36) fps with 1.356 sec
840FA74E at  (   0.00,   18.42)'  (   0.00,  125.36) fps with 1.606 sec
850FA74E at  (  50.00,   18.42)'  (   0.00,  125.36) fps with 1.856 sec
860FA74E at  ( 100.00,   18.42)'  (   0.00,  125.36) fps with 2.106 sec
870FA74E at  ( 150.00,   18.42)'  (   0.00,  125.36) fps with 2.356 sec


 At ET =  0.173 (0.173076923076923) second:
    Code     (      X,       Y)'  (     VX,      VY) fps       Fuse sec
810FA74E at  (-150.00,   22.02)'  (   0.00,  124.43) fps with 0.827 sec
820FA74E at  (-100.00,   22.02)'  (   0.00,  124.43) fps with 1.077 sec
830FA74E at  ( -50.00,   22.02)'  (   0.00,  124.43) fps with 1.327 sec
840FA74E at  (   0.00,   22.02)'  (   0.00,  124.43) fps with 1.577 sec
850FA74E at  (  50.00,   22.02)'  (   0.00,  124.43) fps with 1.827 sec
860FA74E at  ( 100.00,   22.02)'  (   0.00,  124.43) fps with 2.077 sec
870FA74E at  ( 150.00,   22.02)'  (   0.00,  124.43) fps with 2.327 sec


 At ET =  0.202 (0.201923076923077) second:
    Code     (      X,       Y)'  (     VX,      VY) fps       Fuse sec
810FA74E at  (-150.00,   25.59)'  (   0.00,  123.50) fps with 0.798 sec
820FA74E at  (-100.00,   25.59)'  (   0.00,  123.50) fps with 1.048 sec
830FA74E at  ( -50.00,   25.59)'  (   0.00,  123.50) fps with 1.298 sec
840FA74E at  (   0.00,   25.59)'  (   0.00,  123.50) fps with 1.548 sec
850FA74E at  (  50.00,   25.59)'  (   0.00,  123.50) fps with 1.798 sec
860FA74E at  ( 100.00,   25.59)'  (   0.00,  123.50) fps with 2.048 sec
870FA74E at  ( 150.00,   25.59)'  (   0.00,  123.50) fps with 2.298 sec


 At ET =  0.231 (0.230769230769231) second:
    Code     (      X,       Y)'  (     VX,      VY) fps       Fuse sec
810FA74E at  (-150.00,   29.14)'  (   0.00,  122.58) fps with 0.769 sec
820FA74E at  (-100.00,   29.14)'  (   0.00,  122.58) fps with 1.019 sec
830FA74E at  ( -50.00,   29.14)'  (   0.00,  122.58) fps with 1.269 sec
840FA74E at  (   0.00,   29.14)'  (   0.00,  122.58) fps with 1.519 sec
850FA74E at  (  50.00,   29.14)'  (   0.00,  122.58) fps with 1.769 sec
860FA74E at  ( 100.00,   29.14)'  (   0.00,  122.58) fps with 2.019 sec
870FA74E at  ( 150.00,   29.14)'  (   0.00,  122.58) fps with 2.269 sec


 At ET =  0.260 (0.259615384615385) second:
    Code     (      X,       Y)'  (     VX,      VY) fps       Fuse sec
810FA74E at  (-150.00,   32.67)'  (   0.00,  121.65) fps with 0.740 sec
820FA74E at  (-100.00,   32.67)'  (   0.00,  121.65) fps with 0.990 sec
830FA74E at  ( -50.00,   32.67)'  (   0.00,  121.65) fps with 1.240 sec
840FA74E at  (   0.00,   32.67)'  (   0.00,  121.65) fps with 1.490 sec
850FA74E at  (  50.00,   32.67)'  (   0.00,  121.65) fps with 1.740 sec
860FA74E at  ( 100.00,   32.67)'  (   0.00,  121.65) fps with 1.990 sec
870FA74E at  ( 150.00,   32.67)'  (   0.00,  121.65) fps with 2.240 sec


 At ET =  0.288 (0.288461538461538) second:
    Code     (      X,       Y)'  (     VX,      VY) fps       Fuse sec
810FA74E at  (-150.00,   36.16)'  (   0.00,  120.72) fps with 0.712 sec
820FA74E at  (-100.00,   36.16)'  (   0.00,  120.72) fps with 0.962 sec
830FA74E at  ( -50.00,   36.16)'  (   0.00,  120.72) fps with 1.212 sec
840FA74E at  (   0.00,   36.16)'  (   0.00,  120.72) fps with 1.462 sec
850FA74E at  (  50.00,   36.16)'  (   0.00,  120.72) fps with 1.712 sec
860FA74E at  ( 100.00,   36.16)'  (   0.00,  120.72) fps with 1.962 sec
870FA74E at  ( 150.00,   36.16)'  (   0.00,  120.72) fps with 2.212 sec


 At ET =  0.317 (0.317307692307692) second:
    Code     (      X,       Y)'  (     VX,      VY) fps       Fuse sec
810FA74E at  (-150.00,   39.63)'  (   0.00,  119.79) fps with 0.683 sec
820FA74E at  (-100.00,   39.63)'  (   0.00,  119.79) fps with 0.933 sec
830FA74E at  ( -50.00,   39.63)'  (   0.00,  119.79) fps with 1.183 sec
840FA74E at  (   0.00,   39.63)'  (   0.00,  119.79) fps with 1.433 sec
850FA74E at  (  50.00,   39.63)'  (   0.00,  119.79) fps with 1.683 sec
860FA74E at  ( 100.00,   39.63)'  (   0.00,  119.79) fps with 1.933 sec
870FA74E at  ( 150.00,   39.63)'  (   0.00,  119.79) fps with 2.183 sec


 At ET =  0.346 (0.346153846153846) second:
    Code     (      X,       Y)'  (     VX,      VY) fps       Fuse sec
810FA74E at  (-150.00,   43.07)'  (   0.00,  118.86) fps with 0.654 sec
820FA74E at  (-100.00,   43.07)'  (   0.00,  118.86) fps with 0.904 sec
830FA74E at  ( -50.00,   43.07)'  (   0.00,  118.86) fps with 1.154 sec
840FA74E at  (   0.00,   43.07)'  (   0.00,  118.86) fps with 1.404 sec
850FA74E at  (  50.00,   43.07)'  (   0.00,  118.86) fps with 1.654 sec
860FA74E at  ( 100.00,   43.07)'  (   0.00,  118.86) fps with 1.904 sec
870FA74E at  ( 150.00,   43.07)'  (   0.00,  118.86) fps with 2.154 sec


 At ET =  0.375 (0.375000000000000) second:
    Code     (      X,       Y)'  (     VX,      VY) fps       Fuse sec
810FA74E at  (-150.00,   46.49)'  (   0.00,  117.93) fps with 0.625 sec
820FA74E at  (-100.00,   46.49)'  (   0.00,  117.93) fps with 0.875 sec
830FA74E at  ( -50.00,   46.49)'  (   0.00,  117.93) fps with 1.125 sec
840FA74E at  (   0.00,   46.49)'  (   0.00,  117.93) fps with 1.375 sec
850FA74E at  (  50.00,   46.49)'  (   0.00,  117.93) fps with 1.625 sec
860FA74E at  ( 100.00,   46.49)'  (   0.00,  117.93) fps with 1.875 sec
870FA74E at  ( 150.00,   46.49)'  (   0.00,  117.93) fps with 2.125 sec


 At ET =  0.404 (0.403846153846154) second:
    Code     (      X,       Y)'  (     VX,      VY) fps       Fuse sec
810FA74E at  (-150.00,   49.88)'  (   0.00,  117.01) fps with 0.596 sec
820FA74E at  (-100.00,   49.88)'  (   0.00,  117.01) fps with 0.846 sec
830FA74E at  ( -50.00,   49.88)'  (   0.00,  117.01) fps with 1.096 sec
840FA74E at  (   0.00,   49.88)'  (   0.00,  117.01) fps with 1.346 sec
850FA74E at  (  50.00,   49.88)'  (   0.00,  117.01) fps with 1.596 sec
860FA74E at  ( 100.00,   49.88)'  (   0.00,  117.01) fps with 1.846 sec
870FA74E at  ( 150.00,   49.88)'  (   0.00,  117.01) fps with 2.096 sec


 At ET =  0.433 (0.432692307692308) second:
    Code     (      X,       Y)'  (     VX,      VY) fps       Fuse sec
810FA74E at  (-150.00,   53.24)'  (   0.00,  116.08) fps with 0.567 sec
820FA74E at  (-100.00,   53.24)'  (   0.00,  116.08) fps with 0.817 sec
830FA74E at  ( -50.00,   53.24)'  (   0.00,  116.08) fps with 1.067 sec
840FA74E at  (   0.00,   53.24)'  (   0.00,  116.08) fps with 1.317 sec
850FA74E at  (  50.00,   53.24)'  (   0.00,  116.08) fps with 1.567 sec
860FA74E at  ( 100.00,   53.24)'  (   0.00,  116.08) fps with 1.817 sec
870FA74E at  ( 150.00,   53.24)'  (   0.00,  116.08) fps with 2.067 sec


 At ET =  0.462 (0.461538461538462) second:
    Code     (      X,       Y)'  (     VX,      VY) fps       Fuse sec
810FA74E at  (-150.00,   56.57)'  (   0.00,  115.15) fps with 0.538 sec
820FA74E at  (-100.00,   56.57)'  (   0.00,  115.15) fps with 0.788 sec
830FA74E at  ( -50.00,   56.57)'  (   0.00,  115.15) fps with 1.038 sec
840FA74E at  (   0.00,   56.57)'  (   0.00,  115.15) fps with 1.288 sec
850FA74E at  (  50.00,   56.57)'  (   0.00,  115.15) fps with 1.538 sec
860FA74E at  ( 100.00,   56.57)'  (   0.00,  115.15) fps with 1.788 sec
870FA74E at  ( 150.00,   56.57)'  (   0.00,  115.15) fps with 2.038 sec


 At ET =  0.490 (0.490384615384615) second:
    Code     (      X,       Y)'  (     VX,      VY) fps       Fuse sec
810FA74E at  (-150.00,   59.88)'  (   0.00,  114.22) fps with 0.510 sec
820FA74E at  (-100.00,   59.88)'  (   0.00,  114.22) fps with 0.760 sec
830FA74E at  ( -50.00,   59.88)'  (   0.00,  114.22) fps with 1.010 sec
840FA74E at  (   0.00,   59.88)'  (   0.00,  114.22) fps with 1.260 sec
850FA74E at  (  50.00,   59.88)'  (   0.00,  114.22) fps with 1.510 sec
860FA74E at  ( 100.00,   59.88)'  (   0.00,  114.22) fps with 1.760 sec
870FA74E at  ( 150.00,   59.88)'  (   0.00,  114.22) fps with 2.010 sec


 At ET =  0.519 (0.519230769230769) second:
    Code     (      X,       Y)'  (     VX,      VY) fps       Fuse sec
810FA74E at  (-150.00,   63.16)'  (   0.00,  113.29) fps with 0.481 sec
820FA74E at  (-100.00,   63.16)'  (   0.00,  113.29) fps with 0.731 sec
830FA74E at  ( -50.00,   63.16)'  (   0.00,  113.29) fps with 0.981 sec
840FA74E at  (   0.00,   63.16)'  (   0.00,  113.29) fps with 1.231 sec
850FA74E at  (  50.00,   63.16)'  (   0.00,  113.29) fps with 1.481 sec
860FA74E at  ( 100.00,   63.16)'  (   0.00,  113.29) fps with 1.731 sec
870FA74E at  ( 150.00,   63.16)'  (   0.00,  113.29) fps with 1.981 sec


 At ET =  0.548 (0.548076923076923) second:
    Code     (      X,       Y)'  (     VX,      VY) fps       Fuse sec
810FA74E at  (-150.00,   66.42)'  (   0.00,  112.37) fps with 0.452 sec
820FA74E at  (-100.00,   66.42)'  (   0.00,  112.37) fps with 0.702 sec
830FA74E at  ( -50.00,   66.42)'  (   0.00,  112.37) fps with 0.952 sec
840FA74E at  (   0.00,   66.42)'  (   0.00,  112.37) fps with 1.202 sec
850FA74E at  (  50.00,   66.42)'  (   0.00,  112.37) fps with 1.452 sec
860FA74E at  ( 100.00,   66.42)'  (   0.00,  112.37) fps with 1.702 sec
870FA74E at  ( 150.00,   66.42)'  (   0.00,  112.37) fps with 1.952 sec


 At ET =  0.577 (0.576923076923077) second:
    Code     (      X,       Y)'  (     VX,      VY) fps       Fuse sec
810FA74E at  (-150.00,   69.65)'  (   0.00,  111.44) fps with 0.423 sec
820FA74E at  (-100.00,   69.65)'  (   0.00,  111.44) fps with 0.673 sec
830FA74E at  ( -50.00,   69.65)'  (   0.00,  111.44) fps with 0.923 sec
840FA74E at  (   0.00,   69.65)'  (   0.00,  111.44) fps with 1.173 sec
850FA74E at  (  50.00,   69.65)'  (   0.00,  111.44) fps with 1.423 sec
860FA74E at  ( 100.00,   69.65)'  (   0.00,  111.44) fps with 1.673 sec
870FA74E at  ( 150.00,   69.65)'  (   0.00,  111.44) fps with 1.923 sec


 At ET =  0.606 (0.605769230769231) second:
    Code     (      X,       Y)'  (     VX,      VY) fps       Fuse sec
810FA74E at  (-150.00,   72.85)'  (   0.00,  110.51) fps with 0.394 sec
820FA74E at  (-100.00,   72.85)'  (   0.00,  110.51) fps with 0.644 sec
830FA74E at  ( -50.00,   72.85)'  (   0.00,  110.51) fps with 0.894 sec
840FA74E at  (   0.00,   72.85)'  (   0.00,  110.51) fps with 1.144 sec
850FA74E at  (  50.00,   72.85)'  (   0.00,  110.51) fps with 1.394 sec
860FA74E at  ( 100.00,   72.85)'  (   0.00,  110.51) fps with 1.644 sec
870FA74E at  ( 150.00,   72.85)'  (   0.00,  110.51) fps with 1.894 sec


 At ET =  0.635 (0.634615384615385) second:
    Code     (      X,       Y)'  (     VX,      VY) fps       Fuse sec
810FA74E at  (-150.00,   76.02)'  (   0.00,  109.58) fps with 0.365 sec
820FA74E at  (-100.00,   76.02)'  (   0.00,  109.58) fps with 0.615 sec
830FA74E at  ( -50.00,   76.02)'  (   0.00,  109.58) fps with 0.865 sec
840FA74E at  (   0.00,   76.02)'  (   0.00,  109.58) fps with 1.115 sec
850FA74E at  (  50.00,   76.02)'  (   0.00,  109.58) fps with 1.365 sec
860FA74E at  ( 100.00,   76.02)'  (   0.00,  109.58) fps with 1.615 sec
870FA74E at  ( 150.00,   76.02)'  (   0.00,  109.58) fps with 1.865 sec


 At ET =  0.663 (0.663461538461539) second:
    Code     (      X,       Y)'  (     VX,      VY) fps       Fuse sec
810FA74E at  (-150.00,   79.17)'  (   0.00,  108.65) fps with 0.337 sec
820FA74E at  (-100.00,   79.17)'  (   0.00,  108.65) fps with 0.587 sec
830FA74E at  ( -50.00,   79.17)'  (   0.00,  108.65) fps with 0.837 sec
840FA74E at  (   0.00,   79.17)'  (   0.00,  108.65) fps with 1.087 sec
850FA74E at  (  50.00,   79.17)'  (   0.00,  108.65) fps with 1.337 sec
860FA74E at  ( 100.00,   79.17)'  (   0.00,  108.65) fps with 1.587 sec
870FA74E at  ( 150.00,   79.17)'  (   0.00,  108.65) fps with 1.837 sec


 At ET =  0.692 (0.692307692307692) second:
    Code     (      X,       Y)'  (     VX,      VY) fps       Fuse sec
810FA74E at  (-150.00,   82.29)'  (   0.00,  107.73) fps with 0.308 sec
820FA74E at  (-100.00,   82.29)'  (   0.00,  107.73) fps with 0.558 sec
830FA74E at  ( -50.00,   82.29)'  (   0.00,  107.73) fps with 0.808 sec
840FA74E at  (   0.00,   82.29)'  (   0.00,  107.73) fps with 1.058 sec
850FA74E at  (  50.00,   82.29)'  (   0.00,  107.73) fps with 1.308 sec
860FA74E at  ( 100.00,   82.29)'  (   0.00,  107.73) fps with 1.558 sec
870FA74E at  ( 150.00,   82.29)'  (   0.00,  107.73) fps with 1.808 sec


 At ET =  0.721 (0.721153846153846) second:
    Code     (      X,       Y)'  (     VX,      VY) fps       Fuse sec
810FA74E at  (-150.00,   85.38)'  (   0.00,  106.80) fps with 0.279 sec
820FA74E at  (-100.00,   85.38)'  (   0.00,  106.80) fps with 0.529 sec
830FA74E at  ( -50.00,   85.38)'  (   0.00,  106.80) fps with 0.779 sec
840FA74E at  (   0.00,   85.38)'  (   0.00,  106.80) fps with 1.029 sec
850FA74E at  (  50.00,   85.38)'  (   0.00,  106.80) fps with 1.279 sec
860FA74E at  ( 100.00,   85.38)'  (   0.00,  106.80) fps with 1.529 sec
870FA74E at  ( 150.00,   85.38)'  (   0.00,  106.80) fps with 1.779 sec


 At ET =  0.750 (0.750000000000000) second:
    Code     (      X,       Y)'  (     VX,      VY) fps       Fuse sec
810FA74E at  (-150.00,   88.45)'  (   0.00,  105.87) fps with 0.250 sec
820FA74E at  (-100.00,   88.45)'  (   0.00,  105.87) fps with 0.500 sec
830FA74E at  ( -50.00,   88.45)'  (   0.00,  105.87) fps with 0.750 sec
840FA74E at  (   0.00,   88.45)'  (   0.00,  105.87) fps with 1.000 sec
850FA74E at  (  50.00,   88.45)'  (   0.00,  105.87) fps with 1.250 sec
860FA74E at  ( 100.00,   88.45)'  (   0.00,  105.87) fps with 1.500 sec
870FA74E at  ( 150.00,   88.45)'  (   0.00,  105.87) fps with 1.750 sec


 At ET =  0.779 (0.778846153846154) second:
    Code     (      X,       Y)'  (     VX,      VY) fps       Fuse sec
810FA74E at  (-150.00,   91.49)'  (   0.00,  104.94) fps with 0.221 sec
820FA74E at  (-100.00,   91.49)'  (   0.00,  104.94) fps with 0.471 sec
830FA74E at  ( -50.00,   91.49)'  (   0.00,  104.94) fps with 0.721 sec
840FA74E at  (   0.00,   91.49)'  (   0.00,  104.94) fps with 0.971 sec
850FA74E at  (  50.00,   91.49)'  (   0.00,  104.94) fps with 1.221 sec
860FA74E at  ( 100.00,   91.49)'  (   0.00,  104.94) fps with 1.471 sec
870FA74E at  ( 150.00,   91.49)'  (   0.00,  104.94) fps with 1.721 sec


 At ET =  0.808 (0.807692307692308) second:
    Code     (      X,       Y)'  (     VX,      VY) fps       Fuse sec
810FA74E at  (-150.00,   94.51)'  (   0.00,  104.01) fps with 0.192 sec
820FA74E at  (-100.00,   94.51)'  (   0.00,  104.01) fps with 0.442 sec
830FA74E at  ( -50.00,   94.51)'  (   0.00,  104.01) fps with 0.692 sec
840FA74E at  (   0.00,   94.51)'  (   0.00,  104.01) fps with 0.942 sec
850FA74E at  (  50.00,   94.51)'  (   0.00,  104.01) fps with 1.192 sec
860FA74E at  ( 100.00,   94.51)'  (   0.00,  104.01) fps with 1.442 sec
870FA74E at  ( 150.00,   94.51)'  (   0.00,  104.01) fps with 1.692 sec


 At ET =  0.837 (0.836538461538462) second:
    Code     (      X,       Y)'  (     VX,      VY) fps       Fuse sec
810FA74E at  (-150.00,   97.49)'  (   0.00,  103.09) fps with 0.163 sec
820FA74E at  (-100.00,   97.49)'  (   0.00,  103.09) fps with 0.413 sec
830FA74E at  ( -50.00,   97.49)'  (   0.00,  103.09) fps with 0.663 sec
840FA74E at  (   0.00,   97.49)'  (   0.00,  103.09) fps with 0.913 sec
850FA74E at  (  50.00,   97.49)'  (   0.00,  103.09) fps with 1.163 sec
860FA74E at  ( 100.00,   97.49)'  (   0.00,  103.09) fps with 1.413 sec
870FA74E at  ( 150.00,   97.49)'  (   0.00,  103.09) fps with 1.663 sec


 At ET =  0.865 (0.865384615384616) second:
    Code     (      X,       Y)'  (     VX,      VY) fps       Fuse sec
810FA74E at  (-150.00,  100.45)'  (   0.00,  102.16) fps with 0.135 sec
820FA74E at  (-100.00,  100.45)'  (   0.00,  102.16) fps with 0.385 sec
830FA74E at  ( -50.00,  100.45)'  (   0.00,  102.16) fps with 0.635 sec
840FA74E at  (   0.00,  100.45)'  (   0.00,  102.16) fps with 0.885 sec
850FA74E at  (  50.00,  100.45)'  (   0.00,  102.16) fps with 1.135 sec
860FA74E at  ( 100.00,  100.45)'  (   0.00,  102.16) fps with 1.385 sec
870FA74E at  ( 150.00,  100.45)'  (   0.00,  102.16) fps with 1.635 sec


 At ET =  0.894 (0.894230769230769) second:
    Code     (      X,       Y)'  (     VX,      VY) fps       Fuse sec
810FA74E at  (-150.00,  103.39)'  (   0.00,  101.23) fps with 0.106 sec
820FA74E at  (-100.00,  103.39)'  (   0.00,  101.23) fps with 0.356 sec
830FA74E at  ( -50.00,  103.39)'  (   0.00,  101.23) fps with 0.606 sec
840FA74E at  (   0.00,  103.39)'  (   0.00,  101.23) fps with 0.856 sec
850FA74E at  (  50.00,  103.39)'  (   0.00,  101.23) fps with 1.106 sec
860FA74E at  ( 100.00,  103.39)'  (   0.00,  101.23) fps with 1.356 sec
870FA74E at  ( 150.00,  103.39)'  (   0.00,  101.23) fps with 1.606 sec


 At ET =  0.923 (0.923076923076923) second:
    Code     (      X,       Y)'  (     VX,      VY) fps       Fuse sec
810FA74E at  (-150.00,  106.29)'  (   0.00,  100.30) fps with 0.077 sec
820FA74E at  (-100.00,  106.29)'  (   0.00,  100.30) fps with 0.327 sec
830FA74E at  ( -50.00,  106.29)'  (   0.00,  100.30) fps with 0.577 sec
840FA74E at  (   0.00,  106.29)'  (   0.00,  100.30) fps with 0.827 sec
850FA74E at  (  50.00,  106.29)'  (   0.00,  100.30) fps with 1.077 sec
860FA74E at  ( 100.00,  106.29)'  (   0.00,  100.30) fps with 1.327 sec
870FA74E at  ( 150.00,  106.29)'  (   0.00,  100.30) fps with 1.577 sec


 At ET =  0.952 (0.951923076923077) second:
    Code     (      X,       Y)'  (     VX,      VY) fps       Fuse sec
810FA74E at  (-150.00,  109.17)'  (   0.00,   99.37) fps with 0.048 sec
820FA74E at  (-100.00,  109.17)'  (   0.00,   99.37) fps with 0.298 sec
830FA74E at  ( -50.00,  109.17)'  (   0.00,   99.37) fps with 0.548 sec
840FA74E at  (   0.00,  109.17)'  (   0.00,   99.37) fps with 0.798 sec
850FA74E at  (  50.00,  109.17)'  (   0.00,   99.37) fps with 1.048 sec
860FA74E at  ( 100.00,  109.17)'  (   0.00,   99.37) fps with 1.298 sec
870FA74E at  ( 150.00,  109.17)'  (   0.00,   99.37) fps with 1.548 sec


 At ET =  0.981 (0.980769230769231) second:
    Code     (      X,       Y)'  (     VX,      VY) fps       Fuse sec
810FA74E at  (-150.00,  112.03)'  (   0.00,   98.44) fps with 0.019 sec
820FA74E at  (-100.00,  112.03)'  (   0.00,   98.44) fps with 0.269 sec
830FA74E at  ( -50.00,  112.03)'  (   0.00,   98.44) fps with 0.519 sec
840FA74E at  (   0.00,  112.03)'  (   0.00,   98.44) fps with 0.769 sec
850FA74E at  (  50.00,  112.03)'  (   0.00,   98.44) fps with 1.019 sec
860FA74E at  ( 100.00,  112.03)'  (   0.00,   98.44) fps with 1.269 sec
870FA74E at  ( 150.00,  112.03)'  (   0.00,   98.44) fps with 1.519 sec
Color #1 starburst at (-150.00, 113.91)'
DIAGNOSTIC: Freeing firework with code 0.  1 freed.
DIAGNOSTIC: 1 nodes freed.


 At ET =  1.010 (1.009615384615385) second:
    Code     (      X,       Y)'  (     VX,      VY) fps       Fuse sec
820FA74E at  (-100.00,  114.85)'  (   0.00,   97.52) fps with 0.240 sec
830FA74E at  ( -50.00,  114.85)'  (   0.00,   97.52) fps with 0.490 sec
840FA74E at  (   0.00,  114.85)'  (   0.00,   97.52) fps with 0.740 sec
850FA74E at  (  50.00,  114.85)'  (   0.00,   97.52) fps with 0.990 sec
860FA74E at  ( 100.00,  114.85)'  (   0.00,   97.52) fps with 1.240 sec
870FA74E at  ( 150.00,  114.85)'  (   0.00,   97.52) fps with 1.490 sec


 At ET =  1.038 (1.038461538461539) second:
    Code     (      X,       Y)'  (     VX,      VY) fps       Fuse sec
820FA74E at  (-100.00,  117.65)'  (   0.00,   96.59) fps with 0.212 sec
830FA74E at  ( -50.00,  117.65)'  (   0.00,   96.59) fps with 0.462 sec
840FA74E at  (   0.00,  117.65)'  (   0.00,   96.59) fps with 0.712 sec
850FA74E at  (  50.00,  117.65)'  (   0.00,   96.59) fps with 0.962 sec
860FA74E at  ( 100.00,  117.65)'  (   0.00,   96.59) fps with 1.212 sec
870FA74E at  ( 150.00,  117.65)'  (   0.00,   96.59) fps with 1.462 sec


 At ET =  1.067 (1.067307692307692) second:
    Code     (      X,       Y)'  (     VX,      VY) fps       Fuse sec
820FA74E at  (-100.00,  120.42)'  (   0.00,   95.66) fps with 0.183 sec
830FA74E at  ( -50.00,  120.42)'  (   0.00,   95.66) fps with 0.433 sec
840FA74E at  (   0.00,  120.42)'  (   0.00,   95.66) fps with 0.683 sec
850FA74E at  (  50.00,  120.42)'  (   0.00,   95.66) fps with 0.933 sec
860FA74E at  ( 100.00,  120.42)'  (   0.00,   95.66) fps with 1.183 sec
870FA74E at  ( 150.00,  120.42)'  (   0.00,   95.66) fps with 1.433 sec


 At ET =  1.096 (1.096153846153846) second:
    Code     (      X,       Y)'  (     VX,      VY) fps       Fuse sec
820FA74E at  (-100.00,  123.17)'  (   0.00,   94.73) fps with 0.154 sec
830FA74E at  ( -50.00,  123.17)'  (   0.00,   94.73) fps with 0.404 sec
840FA74E at  (   0.00,  123.17)'  (   0.00,   94.73) fps with 0.654 sec
850FA74E at  (  50.00,  123.17)'  (   0.00,   94.73) fps with 0.904 sec
860FA74E at  ( 100.00,  123.17)'  (   0.00,   94.73) fps with 1.154 sec
870FA74E at  ( 150.00,  123.17)'  (   0.00,   94.73) fps with 1.404 sec


 At ET =  1.125 (1.125000000000000) second:
    Code     (      X,       Y)'  (     VX,      VY) fps       Fuse sec
820FA74E at  (-100.00,  125.89)'  (   0.00,   93.80) fps with 0.125 sec
830FA74E at  ( -50.00,  125.89)'  (   0.00,   93.80) fps with 0.375 sec
840FA74E at  (   0.00,  125.89)'  (   0.00,   93.80) fps with 0.625 sec
850FA74E at  (  50.00,  125.89)'  (   0.00,   93.80) fps with 0.875 sec
860FA74E at  ( 100.00,  125.89)'  (   0.00,   93.80) fps with 1.125 sec
870FA74E at  ( 150.00,  125.89)'  (   0.00,   93.80) fps with 1.375 sec


 At ET =  1.154 (1.153846153846154) second:
    Code     (      X,       Y)'  (     VX,      VY) fps       Fuse sec
820FA74E at  (-100.00,  128.58)'  (   0.00,   92.88) fps with 0.096 sec
830FA74E at  ( -50.00,  128.58)'  (   0.00,   92.88) fps with 0.346 sec
840FA74E at  (   0.00,  128.58)'  (   0.00,   92.88) fps with 0.596 sec
850FA74E at  (  50.00,  128.58)'  (   0.00,   92.88) fps with 0.846 sec
860FA74E at  ( 100.00,  128.58)'  (   0.00,   92.88) fps with 1.096 sec
870FA74E at  ( 150.00,  128.58)'  (   0.00,   92.88) fps with 1.346 sec


 At ET =  1.183 (1.182692307692307) second:
    Code     (      X,       Y)'  (     VX,      VY) fps       Fuse sec
820FA74E at  (-100.00,  131.25)'  (   0.00,   91.95) fps with 0.067 sec
830FA74E at  ( -50.00,  131.25)'  (   0.00,   91.95) fps with 0.317 sec
840FA74E at  (   0.00,  131.25)'  (   0.00,   91.95) fps with 0.567 sec
850FA74E at  (  50.00,  131.25)'  (   0.00,   91.95) fps with 0.817 sec
860FA74E at  ( 100.00,  131.25)'  (   0.00,   91.95) fps with 1.067 sec
870FA74E at  ( 150.00,  131.25)'  (   0.00,   91.95) fps with 1.317 sec


 At ET =  1.212 (1.211538461538461) second:
    Code     (      X,       Y)'  (     VX,      VY) fps       Fuse sec
820FA74E at  (-100.00,  133.89)'  (   0.00,   91.02) fps with 0.038 sec
830FA74E at  ( -50.00,  133.89)'  (   0.00,   91.02) fps with 0.288 sec
840FA74E at  (   0.00,  133.89)'  (   0.00,   91.02) fps with 0.538 sec
850FA74E at  (  50.00,  133.89)'  (   0.00,   91.02) fps with 0.788 sec
860FA74E at  ( 100.00,  133.89)'  (   0.00,   91.02) fps with 1.038 sec
870FA74E at  ( 150.00,  133.89)'  (   0.00,   91.02) fps with 1.288 sec


 At ET =  1.240 (1.240384615384615) second:
    Code     (      X,       Y)'  (     VX,      VY) fps       Fuse sec
820FA74E at  (-100.00,  136.50)'  (   0.00,   90.09) fps with 0.010 sec
830FA74E at  ( -50.00,  136.50)'  (   0.00,   90.09) fps with 0.260 sec
840FA74E at  (   0.00,  136.50)'  (   0.00,   90.09) fps with 0.510 sec
850FA74E at  (  50.00,  136.50)'  (   0.00,   90.09) fps with 0.760 sec
860FA74E at  ( 100.00,  136.50)'  (   0.00,   90.09) fps with 1.010 sec
870FA74E at  ( 150.00,  136.50)'  (   0.00,   90.09) fps with 1.260 sec
Color #2 starburst at (-100.00, 137.36)'
DIAGNOSTIC: Freeing firework with code BD7000.  2 freed.
DIAGNOSTIC: 2 nodes freed.


 At ET =  1.269 (1.269230769230768) second:
    Code     (      X,       Y)'  (     VX,      VY) fps       Fuse sec
830FA74E at  ( -50.00,  139.08)'  (   0.00,   89.16) fps with 0.231 sec
840FA74E at  (   0.00,  139.08)'  (   0.00,   89.16) fps with 0.481 sec
850FA74E at  (  50.00,  139.08)'  (   0.00,   89.16) fps with 0.731 sec
860FA74E at  ( 100.00,  139.08)'  (   0.00,   89.16) fps with 0.981 sec
870FA74E at  ( 150.00,  139.08)'  (   0.00,   89.16) fps with 1.231 sec


 At ET =  1.298 (1.298076923076922) second:
    Code     (      X,       Y)'  (     VX,      VY) fps       Fuse sec
830FA74E at  ( -50.00,  141.64)'  (   0.00,   88.24) fps with 0.202 sec
840FA74E at  (   0.00,  141.64)'  (   0.00,   88.24) fps with 0.452 sec
850FA74E at  (  50.00,  141.64)'  (   0.00,   88.24) fps with 0.702 sec
860FA74E at  ( 100.00,  141.64)'  (   0.00,   88.24) fps with 0.952 sec
870FA74E at  ( 150.00,  141.64)'  (   0.00,   88.24) fps with 1.202 sec


 At ET =  1.327 (1.326923076923076) second:
    Code     (      X,       Y)'  (     VX,      VY) fps       Fuse sec
830FA74E at  ( -50.00,  144.18)'  (   0.00,   87.31) fps with 0.173 sec
840FA74E at  (   0.00,  144.18)'  (   0.00,   87.31) fps with 0.423 sec
850FA74E at  (  50.00,  144.18)'  (   0.00,   87.31) fps with 0.673 sec
860FA74E at  ( 100.00,  144.18)'  (   0.00,   87.31) fps with 0.923 sec
870FA74E at  ( 150.00,  144.18)'  (   0.00,   87.31) fps with 1.173 sec


 At ET =  1.356 (1.355769230769230) second:
    Code     (      X,       Y)'  (     VX,      VY) fps       Fuse sec
830FA74E at  ( -50.00,  146.68)'  (   0.00,   86.38) fps with 0.144 sec
840FA74E at  (   0.00,  146.68)'  (   0.00,   86.38) fps with 0.394 sec
850FA74E at  (  50.00,  146.68)'  (   0.00,   86.38) fps with 0.644 sec
860FA74E at  ( 100.00,  146.68)'  (   0.00,   86.38) fps with 0.894 sec
870FA74E at  ( 150.00,  146.68)'  (   0.00,   86.38) fps with 1.144 sec


 At ET =  1.385 (1.384615384615383) second:
    Code     (      X,       Y)'  (     VX,      VY) fps       Fuse sec
830FA74E at  ( -50.00,  149.16)'  (   0.00,   85.45) fps with 0.115 sec
840FA74E at  (   0.00,  149.16)'  (   0.00,   85.45) fps with 0.365 sec
850FA74E at  (  50.00,  149.16)'  (   0.00,   85.45) fps with 0.615 sec
860FA74E at  ( 100.00,  149.16)'  (   0.00,   85.45) fps with 0.865 sec
870FA74E at  ( 150.00,  149.16)'  (   0.00,   85.45) fps with 1.115 sec


 At ET =  1.413 (1.413461538461537) second:
    Code     (      X,       Y)'  (     VX,      VY) fps       Fuse sec
830FA74E at  ( -50.00,  151.61)'  (   0.00,   84.52) fps with 0.087 sec
840FA74E at  (   0.00,  151.61)'  (   0.00,   84.52) fps with 0.337 sec
850FA74E at  (  50.00,  151.61)'  (   0.00,   84.52) fps with 0.587 sec
860FA74E at  ( 100.00,  151.61)'  (   0.00,   84.52) fps with 0.837 sec
870FA74E at  ( 150.00,  151.61)'  (   0.00,   84.52) fps with 1.087 sec


 At ET =  1.442 (1.442307692307691) second:
    Code     (      X,       Y)'  (     VX,      VY) fps       Fuse sec
830FA74E at  ( -50.00,  154.03)'  (   0.00,   83.60) fps with 0.058 sec
840FA74E at  (   0.00,  154.03)'  (   0.00,   83.60) fps with 0.308 sec
850FA74E at  (  50.00,  154.03)'  (   0.00,   83.60) fps with 0.558 sec
860FA74E at  ( 100.00,  154.03)'  (   0.00,   83.60) fps with 0.808 sec
870FA74E at  ( 150.00,  154.03)'  (   0.00,   83.60) fps with 1.058 sec


 At ET =  1.471 (1.471153846153845) second:
    Code     (      X,       Y)'  (     VX,      VY) fps       Fuse sec
830FA74E at  ( -50.00,  156.43)'  (   0.00,   82.67) fps with 0.029 sec
840FA74E at  (   0.00,  156.43)'  (   0.00,   82.67) fps with 0.279 sec
850FA74E at  (  50.00,  156.43)'  (   0.00,   82.67) fps with 0.529 sec
860FA74E at  ( 100.00,  156.43)'  (   0.00,   82.67) fps with 0.779 sec
870FA74E at  ( 150.00,  156.43)'  (   0.00,   82.67) fps with 1.029 sec


 At ET =  1.500 (1.499999999999998) second:
    Code     (      X,       Y)'  (     VX,      VY) fps       Fuse sec
830FA74E at  ( -50.00,  158.80)'  (   0.00,   81.74) fps with 0.000 sec
840FA74E at  (   0.00,  158.80)'  (   0.00,   81.74) fps with 0.250 sec
850FA74E at  (  50.00,  158.80)'  (   0.00,   81.74) fps with 0.500 sec
860FA74E at  ( 100.00,  158.80)'  (   0.00,   81.74) fps with 0.750 sec
870FA74E at  ( 150.00,  158.80)'  (   0.00,   81.74) fps with 1.000 sec
Color #3 starburst at (-50.00, 158.80)'
DIAGNOSTIC: Freeing firework with code BD7070.  3 freed.
DIAGNOSTIC: 3 nodes freed.


 At ET =  1.529 (1.528846153846152) second:
    Code     (      X,       Y)'  (     VX,      VY) fps       Fuse sec
840FA74E at  (   0.00,  161.15)'  (   0.00,   80.81) fps with 0.221 sec
850FA74E at  (  50.00,  161.15)'  (   0.00,   80.81) fps with 0.471 sec
860FA74E at  ( 100.00,  161.15)'  (   0.00,   80.81) fps with 0.721 sec
870FA74E at  ( 150.00,  161.15)'  (   0.00,   80.81) fps with 0.971 sec


 At ET =  1.558 (1.557692307692306) second:
    Code     (      X,       Y)'  (     VX,      VY) fps       Fuse sec
840FA74E at  (   0.00,  163.47)'  (   0.00,   79.88) fps with 0.192 sec
850FA74E at  (  50.00,  163.47)'  (   0.00,   79.88) fps with 0.442 sec
860FA74E at  ( 100.00,  163.47)'  (   0.00,   79.88) fps with 0.692 sec
870FA74E at  ( 150.00,  163.47)'  (   0.00,   79.88) fps with 0.942 sec


 At ET =  1.587 (1.586538461538460) second:
    Code     (      X,       Y)'  (     VX,      VY) fps       Fuse sec
840FA74E at  (   0.00,  165.76)'  (   0.00,   78.95) fps with 0.163 sec
850FA74E at  (  50.00,  165.76)'  (   0.00,   78.95) fps with 0.413 sec
860FA74E at  ( 100.00,  165.76)'  (   0.00,   78.95) fps with 0.663 sec
870FA74E at  ( 150.00,  165.76)'  (   0.00,   78.95) fps with 0.913 sec


 At ET =  1.615 (1.615384615384613) second:
    Code     (      X,       Y)'  (     VX,      VY) fps       Fuse sec
840FA74E at  (   0.00,  168.02)'  (   0.00,   78.03) fps with 0.135 sec
850FA74E at  (  50.00,  168.02)'  (   0.00,   78.03) fps with 0.385 sec
860FA74E at  ( 100.00,  168.02)'  (   0.00,   78.03) fps with 0.635 sec
870FA74E at  ( 150.00,  168.02)'  (   0.00,   78.03) fps with 0.885 sec


 At ET =  1.644 (1.644230769230767) second:
    Code     (      X,       Y)'  (     VX,      VY) fps       Fuse sec
840FA74E at  (   0.00,  170.26)'  (   0.00,   77.10) fps with 0.106 sec
850FA74E at  (  50.00,  170.26)'  (   0.00,   77.10) fps with 0.356 sec
860FA74E at  ( 100.00,  170.26)'  (   0.00,   77.10) fps with 0.606 sec
870FA74E at  ( 150.00,  170.26)'  (   0.00,   77.10) fps with 0.856 sec


 At ET =  1.673 (1.673076923076921) second:
    Code     (      X,       Y)'  (     VX,      VY) fps       Fuse sec
840FA74E at  (   0.00,  172.47)'  (   0.00,   76.17) fps with 0.077 sec
850FA74E at  (  50.00,  172.47)'  (   0.00,   76.17) fps with 0.327 sec
860FA74E at  ( 100.00,  172.47)'  (   0.00,   76.17) fps with 0.577 sec
870FA74E at  ( 150.00,  172.47)'  (   0.00,   76.17) fps with 0.827 sec


 At ET =  1.702 (1.701923076923075) second:
    Code     (      X,       Y)'  (     VX,      VY) fps       Fuse sec
840FA74E at  (   0.00,  174.65)'  (   0.00,   75.24) fps with 0.048 sec
850FA74E at  (  50.00,  174.65)'  (   0.00,   75.24) fps with 0.298 sec
860FA74E at  ( 100.00,  174.65)'  (   0.00,   75.24) fps with 0.548 sec
870FA74E at  ( 150.00,  174.65)'  (   0.00,   75.24) fps with 0.798 sec


 At ET =  1.731 (1.730769230769228) second:
    Code     (      X,       Y)'  (     VX,      VY) fps       Fuse sec
840FA74E at  (   0.00,  176.81)'  (   0.00,   74.31) fps with 0.019 sec
850FA74E at  (  50.00,  176.81)'  (   0.00,   74.31) fps with 0.269 sec
860FA74E at  ( 100.00,  176.81)'  (   0.00,   74.31) fps with 0.519 sec
870FA74E at  ( 150.00,  176.81)'  (   0.00,   74.31) fps with 0.769 sec
Color #4 starburst at (  0.00, 178.23)'
DIAGNOSTIC: Freeing firework with code BD70E0.  4 freed.
DIAGNOSTIC: 4 nodes freed.


 At ET =  1.760 (1.759615384615382) second:
    Code     (      X,       Y)'  (     VX,      VY) fps       Fuse sec
850FA74E at  (  50.00,  178.94)'  (   0.00,   73.39) fps with 0.240 sec
860FA74E at  ( 100.00,  178.94)'  (   0.00,   73.39) fps with 0.490 sec
870FA74E at  ( 150.00,  178.94)'  (   0.00,   73.39) fps with 0.740 sec


 At ET =  1.788 (1.788461538461536) second:
    Code     (      X,       Y)'  (     VX,      VY) fps       Fuse sec
850FA74E at  (  50.00,  181.04)'  (   0.00,   72.46) fps with 0.212 sec
860FA74E at  ( 100.00,  181.04)'  (   0.00,   72.46) fps with 0.462 sec
870FA74E at  ( 150.00,  181.04)'  (   0.00,   72.46) fps with 0.712 sec


 At ET =  1.817 (1.817307692307690) second:
    Code     (      X,       Y)'  (     VX,      VY) fps       Fuse sec
850FA74E at  (  50.00,  183.12)'  (   0.00,   71.53) fps with 0.183 sec
860FA74E at  ( 100.00,  183.12)'  (   0.00,   71.53) fps with 0.433 sec
870FA74E at  ( 150.00,  183.12)'  (   0.00,   71.53) fps with 0.683 sec


 At ET =  1.846 (1.846153846153843) second:
    Code     (      X,       Y)'  (     VX,      VY) fps       Fuse sec
850FA74E at  (  50.00,  185.17)'  (   0.00,   70.60) fps with 0.154 sec
860FA74E at  ( 100.00,  185.17)'  (   0.00,   70.60) fps with 0.404 sec
870FA74E at  ( 150.00,  185.17)'  (   0.00,   70.60) fps with 0.654 sec


 At ET =  1.875 (1.874999999999997) second:
    Code     (      X,       Y)'  (     VX,      VY) fps       Fuse sec
850FA74E at  (  50.00,  187.19)'  (   0.00,   69.67) fps with 0.125 sec
860FA74E at  ( 100.00,  187.19)'  (   0.00,   69.67) fps with 0.375 sec
870FA74E at  ( 150.00,  187.19)'  (   0.00,   69.67) fps with 0.625 sec


 At ET =  1.904 (1.903846153846151) second:
    Code     (      X,       Y)'  (     VX,      VY) fps       Fuse sec
850FA74E at  (  50.00,  189.19)'  (   0.00,   68.75) fps with 0.096 sec
860FA74E at  ( 100.00,  189.19)'  (   0.00,   68.75) fps with 0.346 sec
870FA74E at  ( 150.00,  189.19)'  (   0.00,   68.75) fps with 0.596 sec


 At ET =  1.933 (1.932692307692305) second:
    Code     (      X,       Y)'  (     VX,      VY) fps       Fuse sec
850FA74E at  (  50.00,  191.16)'  (   0.00,   67.82) fps with 0.067 sec
860FA74E at  ( 100.00,  191.16)'  (   0.00,   67.82) fps with 0.317 sec
870FA74E at  ( 150.00,  191.16)'  (   0.00,   67.82) fps with 0.567 sec


 At ET =  1.962 (1.961538461538458) second:
    Code     (      X,       Y)'  (     VX,      VY) fps       Fuse sec
850FA74E at  (  50.00,  193.10)'  (   0.00,   66.89) fps with 0.038 sec
860FA74E at  ( 100.00,  193.10)'  (   0.00,   66.89) fps with 0.288 sec
870FA74E at  ( 150.00,  193.10)'  (   0.00,   66.89) fps with 0.538 sec


 At ET =  1.990 (1.990384615384612) second:
    Code     (      X,       Y)'  (     VX,      VY) fps       Fuse sec
850FA74E at  (  50.00,  195.02)'  (   0.00,   65.96) fps with 0.010 sec
860FA74E at  ( 100.00,  195.02)'  (   0.00,   65.96) fps with 0.260 sec
870FA74E at  ( 150.00,  195.02)'  (   0.00,   65.96) fps with 0.510 sec
Color #5 starburst at ( 50.00, 195.65)'
DIAGNOSTIC: Freeing firework with code BD7150.  5 freed.
DIAGNOSTIC: 5 nodes freed.


 At ET =  2.019 (2.019230769230766) second:
    Code     (      X,       Y)'  (     VX,      VY) fps       Fuse sec
860FA74E at  ( 100.00,  196.91)'  (   0.00,   65.03) fps with 0.231 sec
870FA74E at  ( 150.00,  196.91)'  (   0.00,   65.03) fps with 0.481 sec


 At ET =  2.048 (2.048076923076920) second:
    Code     (      X,       Y)'  (     VX,      VY) fps       Fuse sec
860FA74E at  ( 100.00,  198.77)'  (   0.00,   64.11) fps with 0.202 sec
870FA74E at  ( 150.00,  198.77)'  (   0.00,   64.11) fps with 0.452 sec


 At ET =  2.077 (2.076923076923074) second:
    Code     (      X,       Y)'  (     VX,      VY) fps       Fuse sec
860FA74E at  ( 100.00,  200.61)'  (   0.00,   63.18) fps with 0.173 sec
870FA74E at  ( 150.00,  200.61)'  (   0.00,   63.18) fps with 0.423 sec


 At ET =  2.106 (2.105769230769227) second:
    Code     (      X,       Y)'  (     VX,      VY) fps       Fuse sec
860FA74E at  ( 100.00,  202.42)'  (   0.00,   62.25) fps with 0.144 sec
870FA74E at  ( 150.00,  202.42)'  (   0.00,   62.25) fps with 0.394 sec


 At ET =  2.135 (2.134615384615381) second:
    Code     (      X,       Y)'  (     VX,      VY) fps       Fuse sec
860FA74E at  ( 100.00,  204.20)'  (   0.00,   61.32) fps with 0.115 sec
870FA74E at  ( 150.00,  204.20)'  (   0.00,   61.32) fps with 0.365 sec


 At ET =  2.163 (2.163461538461535) second:
    Code     (      X,       Y)'  (     VX,      VY) fps       Fuse sec
860FA74E at  ( 100.00,  205.95)'  (   0.00,   60.39) fps with 0.087 sec
870FA74E at  ( 150.00,  205.95)'  (   0.00,   60.39) fps with 0.337 sec


 At ET =  2.192 (2.192307692307689) second:
    Code     (      X,       Y)'  (     VX,      VY) fps       Fuse sec
860FA74E at  ( 100.00,  207.68)'  (   0.00,   59.46) fps with 0.058 sec
870FA74E at  ( 150.00,  207.68)'  (   0.00,   59.46) fps with 0.308 sec


 At ET =  2.221 (2.221153846153842) second:
    Code     (      X,       Y)'  (     VX,      VY) fps       Fuse sec
860FA74E at  ( 100.00,  209.38)'  (   0.00,   58.54) fps with 0.029 sec
870FA74E at  ( 150.00,  209.38)'  (   0.00,   58.54) fps with 0.279 sec


 At ET =  2.250 (2.249999999999996) second:
    Code     (      X,       Y)'  (     VX,      VY) fps       Fuse sec
860FA74E at  ( 100.00,  211.06)'  (   0.00,   57.61) fps with 0.000 sec
870FA74E at  ( 150.00,  211.06)'  (   0.00,   57.61) fps with 0.250 sec
Color #6 starburst at (100.00, 211.06)'
DIAGNOSTIC: Freeing firework with code BD71C0.  6 freed.
DIAGNOSTIC: 6 nodes freed.


 At ET =  2.279 (2.278846153846150) second:
    Code     (      X,       Y)'  (     VX,      VY) fps       Fuse sec
870FA74E at  ( 150.00,  212.71)'  (   0.00,   56.68) fps with 0.221 sec


 At ET =  2.308 (2.307692307692303) second:
    Code     (      X,       Y)'  (     VX,      VY) fps       Fuse sec
870FA74E at  ( 150.00,  214.33)'  (   0.00,   55.75) fps with 0.192 sec


 At ET =  2.337 (2.336538461538457) second:
    Code     (      X,       Y)'  (     VX,      VY) fps       Fuse sec
870FA74E at  ( 150.00,  215.92)'  (   0.00,   54.82) fps with 0.163 sec


 At ET =  2.365 (2.365384615384611) second:
    Code     (      X,       Y)'  (     VX,      VY) fps       Fuse sec
870FA74E at  ( 150.00,  217.49)'  (   0.00,   53.90) fps with 0.135 sec


 At ET =  2.394 (2.394230769230765) second:
    Code     (      X,       Y)'  (     VX,      VY) fps       Fuse sec
870FA74E at  ( 150.00,  219.03)'  (   0.00,   52.97) fps with 0.106 sec


 At ET =  2.423 (2.423076923076918) second:
    Code     (      X,       Y)'  (     VX,      VY) fps       Fuse sec
870FA74E at  ( 150.00,  220.55)'  (   0.00,   52.04) fps with 0.077 sec


 At ET =  2.452 (2.451923076923072) second:
    Code     (      X,       Y)'  (     VX,      VY) fps       Fuse sec
870FA74E at  ( 150.00,  222.04)'  (   0.00,   51.11) fps with 0.048 sec


 At ET =  2.481 (2.480769230769226) second:
    Code     (      X,       Y)'  (     VX,      VY) fps       Fuse sec
870FA74E at  ( 150.00,  223.50)'  (   0.00,   50.18) fps with 0.019 sec
Color #7 starburst at (150.00, 224.46)'
DIAGNOSTIC: Freeing firework with code BD7230.  7 freed.
DIAGNOSTIC: 7 nodes freed.

Done reading: scanf returned -1
Total run time is 0.001294136 seconds.
